09-Feb-2015 00:31:28.584 INFO [main] org.apache.catalina.core.StandardServer.await A valid shutdown command was received via the shutdown port. Stopping the Server instance.
09-Feb-2015 00:31:28.586 INFO [main] org.apache.coyote.AbstractProtocol.pause Pausing ProtocolHandler ["http-nio-8080"]
09-Feb-2015 00:31:28.637 INFO [main] org.apache.coyote.AbstractProtocol.pause Pausing ProtocolHandler ["http-nio-8443"]
09-Feb-2015 00:31:28.688 INFO [main] org.apache.coyote.AbstractProtocol.pause Pausing ProtocolHandler ["ajp-nio-8009"]
09-Feb-2015 00:31:28.688 INFO [main] org.apache.catalina.core.StandardService.stopInternal Stopping service Catalina
09-Feb-2015 00:31:28.697 WARNING [localhost-startStop-2] org.apache.catalina.loader.WebappClassLoaderBase.clearReferencesThreads The web application [ToasterWars] appears to have started a thread named [C3P0PooledConnectionPoolManager[identityToken->1hge5g297u4inmw15jxeov|4e2d4656]-AdminTaskTimer] but has failed to stop it. This is very likely to create a memory leak. Stack trace of thread:
 java.lang.Object.wait(Native Method)
 java.util.TimerThread.mainLoop(Timer.java:552)
 java.util.TimerThread.run(Timer.java:505)
09-Feb-2015 00:31:28.697 WARNING [localhost-startStop-2] org.apache.catalina.loader.WebappClassLoaderBase.clearReferencesThreads The web application [ToasterWars] appears to have started a thread named [C3P0PooledConnectionPoolManager[identityToken->1hge5g297u4inmw15jxeov|4e2d4656]-HelperThread-#0] but has failed to stop it. This is very likely to create a memory leak. Stack trace of thread:
 java.lang.Object.wait(Native Method)
 com.mchange.v2.async.ThreadPoolAsynchronousRunner$PoolThread.run(ThreadPoolAsynchronousRunner.java:635)
09-Feb-2015 00:31:28.697 WARNING [localhost-startStop-2] org.apache.catalina.loader.WebappClassLoaderBase.clearReferencesThreads The web application [ToasterWars] appears to have started a thread named [C3P0PooledConnectionPoolManager[identityToken->1hge5g297u4inmw15jxeov|4e2d4656]-HelperThread-#1] but has failed to stop it. This is very likely to create a memory leak. Stack trace of thread:
 java.lang.Object.wait(Native Method)
 com.mchange.v2.async.ThreadPoolAsynchronousRunner$PoolThread.run(ThreadPoolAsynchronousRunner.java:635)
09-Feb-2015 00:31:28.698 WARNING [localhost-startStop-2] org.apache.catalina.loader.WebappClassLoaderBase.clearReferencesThreads The web application [ToasterWars] appears to have started a thread named [C3P0PooledConnectionPoolManager[identityToken->1hge5g297u4inmw15jxeov|4e2d4656]-HelperThread-#2] but has failed to stop it. This is very likely to create a memory leak. Stack trace of thread:
 java.lang.Object.wait(Native Method)
 com.mchange.v2.async.ThreadPoolAsynchronousRunner$PoolThread.run(ThreadPoolAsynchronousRunner.java:635)
09-Feb-2015 00:31:28.699 INFO [main] org.apache.coyote.AbstractProtocol.stop Stopping ProtocolHandler ["http-nio-8080"]
09-Feb-2015 00:31:28.699 INFO [main] org.apache.coyote.AbstractProtocol.stop Stopping ProtocolHandler ["http-nio-8443"]
09-Feb-2015 00:31:28.705 INFO [main] org.apache.coyote.AbstractProtocol.stop Stopping ProtocolHandler ["ajp-nio-8009"]
09-Feb-2015 00:31:28.706 INFO [main] org.apache.coyote.AbstractProtocol.destroy Destroying ProtocolHandler ["http-nio-8080"]
09-Feb-2015 00:31:28.706 INFO [main] org.apache.coyote.AbstractProtocol.destroy Destroying ProtocolHandler ["http-nio-8443"]
09-Feb-2015 00:31:28.707 INFO [main] org.apache.coyote.AbstractProtocol.destroy Destroying ProtocolHandler ["ajp-nio-8009"]
09-Feb-2015 00:31:32.854 INFO [main] org.apache.catalina.startup.VersionLoggerListener.log Server version:        Apache Tomcat/8.0.15
09-Feb-2015 00:31:32.856 INFO [main] org.apache.catalina.startup.VersionLoggerListener.log Server built:          Nov 2 2014 19:25:20 UTC
09-Feb-2015 00:31:32.856 INFO [main] org.apache.catalina.startup.VersionLoggerListener.log Server number:         8.0.15.0
09-Feb-2015 00:31:32.856 INFO [main] org.apache.catalina.startup.VersionLoggerListener.log OS Name:               Linux
09-Feb-2015 00:31:32.856 INFO [main] org.apache.catalina.startup.VersionLoggerListener.log OS Version:            3.13.0-32-generic
09-Feb-2015 00:31:32.856 INFO [main] org.apache.catalina.startup.VersionLoggerListener.log Architecture:          amd64
09-Feb-2015 00:31:32.856 INFO [main] org.apache.catalina.startup.VersionLoggerListener.log JAVA_HOME:             /usr/lib/jvm/java-7-openjdk-amd64/jre
09-Feb-2015 00:31:32.856 INFO [main] org.apache.catalina.startup.VersionLoggerListener.log JVM Version:           1.7.0_75-b13
09-Feb-2015 00:31:32.856 INFO [main] org.apache.catalina.startup.VersionLoggerListener.log JVM Vendor:            Oracle Corporation
09-Feb-2015 00:31:32.856 INFO [main] org.apache.catalina.startup.VersionLoggerListener.log CATALINA_BASE:         /var/www/mellivora/apache-tomcat-8.0.15
09-Feb-2015 00:31:32.856 INFO [main] org.apache.catalina.startup.VersionLoggerListener.log CATALINA_HOME:         /var/www/mellivora/apache-tomcat-8.0.15
09-Feb-2015 00:31:32.857 INFO [main] org.apache.catalina.startup.VersionLoggerListener.log Command line argument: -Djava.util.logging.config.file=/var/www/mellivora/apache-tomcat-8.0.15/conf/logging.properties
09-Feb-2015 00:31:32.857 INFO [main] org.apache.catalina.startup.VersionLoggerListener.log Command line argument: -Djava.util.logging.manager=org.apache.juli.ClassLoaderLogManager
09-Feb-2015 00:31:32.857 INFO [main] org.apache.catalina.startup.VersionLoggerListener.log Command line argument: -Djava.endorsed.dirs=/var/www/mellivora/apache-tomcat-8.0.15/endorsed
09-Feb-2015 00:31:32.857 INFO [main] org.apache.catalina.startup.VersionLoggerListener.log Command line argument: -Dcatalina.base=/var/www/mellivora/apache-tomcat-8.0.15
09-Feb-2015 00:31:32.857 INFO [main] org.apache.catalina.startup.VersionLoggerListener.log Command line argument: -Dcatalina.home=/var/www/mellivora/apache-tomcat-8.0.15
09-Feb-2015 00:31:32.857 INFO [main] org.apache.catalina.startup.VersionLoggerListener.log Command line argument: -Djava.io.tmpdir=/var/www/mellivora/apache-tomcat-8.0.15/temp
09-Feb-2015 00:31:32.857 INFO [main] org.apache.catalina.core.AprLifecycleListener.lifecycleEvent The APR based Apache Tomcat Native library which allows optimal performance in production environments was not found on the java.library.path: /usr/java/packages/lib/amd64:/usr/lib/x86_64-linux-gnu/jni:/lib/x86_64-linux-gnu:/usr/lib/x86_64-linux-gnu:/usr/lib/jni:/lib:/usr/lib
09-Feb-2015 00:31:32.944 INFO [main] org.apache.coyote.AbstractProtocol.init Initializing ProtocolHandler ["http-nio-8080"]
09-Feb-2015 00:31:32.964 INFO [main] org.apache.tomcat.util.net.NioSelectorPool.getSharedSelector Using a shared selector for servlet write/read
09-Feb-2015 00:31:32.966 INFO [main] org.apache.coyote.AbstractProtocol.init Initializing ProtocolHandler ["http-nio-8443"]
09-Feb-2015 00:31:33.227 INFO [main] org.apache.tomcat.util.net.NioSelectorPool.getSharedSelector Using a shared selector for servlet write/read
09-Feb-2015 00:31:33.228 INFO [main] org.apache.coyote.AbstractProtocol.init Initializing ProtocolHandler ["ajp-nio-8009"]
09-Feb-2015 00:31:33.231 INFO [main] org.apache.tomcat.util.net.NioSelectorPool.getSharedSelector Using a shared selector for servlet write/read
09-Feb-2015 00:31:33.231 INFO [main] org.apache.catalina.startup.Catalina.load Initialization processed in 772 ms
09-Feb-2015 00:31:33.253 INFO [main] org.apache.catalina.core.StandardService.startInternal Starting service Catalina
09-Feb-2015 00:31:33.253 INFO [main] org.apache.catalina.core.StandardEngine.startInternal Starting Servlet Engine: Apache Tomcat/8.0.15
09-Feb-2015 00:31:33.272 INFO [localhost-startStop-1] org.apache.catalina.startup.HostConfig.deployWAR Deploying web application archive /var/www/mellivora/apache-tomcat-8.0.15/webapps/ToasterWars.war
09-Feb-2015 00:31:33.860 INFO [localhost-startStop-1] org.apache.jasper.servlet.TldScanner.scanJars At least one JAR was scanned for TLDs yet contained no TLDs. Enable debug logging for this logger for a complete list of JARs that were scanned but no TLDs were found in them. Skipping unneeded JARs during scanning can improve startup time and JSP compilation time.
09-Feb-2015 00:31:33.902 INFO [localhost-startStop-1] org.apache.catalina.startup.HostConfig.deployWAR Deployment of web application archive /var/www/mellivora/apache-tomcat-8.0.15/webapps/ToasterWars.war has finished in 630 ms
09-Feb-2015 00:31:33.903 INFO [localhost-startStop-1] org.apache.catalina.startup.HostConfig.deployDirectory Deploying web application directory /var/www/mellivora/apache-tomcat-8.0.15/webapps/ROOT
09-Feb-2015 00:31:34.105 INFO [localhost-startStop-1] org.apache.jasper.servlet.TldScanner.scanJars At least one JAR was scanned for TLDs yet contained no TLDs. Enable debug logging for this logger for a complete list of JARs that were scanned but no TLDs were found in them. Skipping unneeded JARs during scanning can improve startup time and JSP compilation time.
09-Feb-2015 00:31:34.107 INFO [localhost-startStop-1] org.apache.catalina.startup.HostConfig.deployDirectory Deployment of web application directory /var/www/mellivora/apache-tomcat-8.0.15/webapps/ROOT has finished in 204 ms
09-Feb-2015 00:31:34.109 INFO [main] org.apache.coyote.AbstractProtocol.start Starting ProtocolHandler ["http-nio-8080"]
09-Feb-2015 00:31:34.114 INFO [main] org.apache.coyote.AbstractProtocol.start Starting ProtocolHandler ["http-nio-8443"]
09-Feb-2015 00:31:34.114 INFO [main] org.apache.coyote.AbstractProtocol.start Starting ProtocolHandler ["ajp-nio-8009"]
09-Feb-2015 00:31:34.115 INFO [main] org.apache.catalina.startup.Catalina.start Server startup in 883 ms
