05-Jan-2015 20:23:10.549 INFO [main] org.apache.catalina.startup.VersionLoggerListener.log Server version:        Apache Tomcat/8.0.15
05-Jan-2015 20:23:10.551 INFO [main] org.apache.catalina.startup.VersionLoggerListener.log Server built:          Nov 2 2014 19:25:20 UTC
05-Jan-2015 20:23:10.551 INFO [main] org.apache.catalina.startup.VersionLoggerListener.log Server number:         8.0.15.0
05-Jan-2015 20:23:10.551 INFO [main] org.apache.catalina.startup.VersionLoggerListener.log OS Name:               Linux
05-Jan-2015 20:23:10.555 INFO [main] org.apache.catalina.startup.VersionLoggerListener.log OS Version:            3.13.0-32-generic
05-Jan-2015 20:23:10.556 INFO [main] org.apache.catalina.startup.VersionLoggerListener.log Architecture:          amd64
05-Jan-2015 20:23:10.556 INFO [main] org.apache.catalina.startup.VersionLoggerListener.log JAVA_HOME:             /usr/lib/jvm/java-7-openjdk-amd64/jre
05-Jan-2015 20:23:10.556 INFO [main] org.apache.catalina.startup.VersionLoggerListener.log JVM Version:           1.7.0_65-b32
05-Jan-2015 20:23:10.556 INFO [main] org.apache.catalina.startup.VersionLoggerListener.log JVM Vendor:            Oracle Corporation
05-Jan-2015 20:23:10.556 INFO [main] org.apache.catalina.startup.VersionLoggerListener.log CATALINA_BASE:         /var/local/apache-tomcat-8.0.15
05-Jan-2015 20:23:10.556 INFO [main] org.apache.catalina.startup.VersionLoggerListener.log CATALINA_HOME:         /var/local/apache-tomcat-8.0.15
05-Jan-2015 20:23:10.557 INFO [main] org.apache.catalina.startup.VersionLoggerListener.log Command line argument: -Djava.util.logging.config.file=/var/local/apache-tomcat-8.0.15/conf/logging.properties
05-Jan-2015 20:23:10.557 INFO [main] org.apache.catalina.startup.VersionLoggerListener.log Command line argument: -Djava.util.logging.manager=org.apache.juli.ClassLoaderLogManager
05-Jan-2015 20:23:10.557 INFO [main] org.apache.catalina.startup.VersionLoggerListener.log Command line argument: -Djava.endorsed.dirs=/var/local/apache-tomcat-8.0.15/endorsed
05-Jan-2015 20:23:10.557 INFO [main] org.apache.catalina.startup.VersionLoggerListener.log Command line argument: -Dcatalina.base=/var/local/apache-tomcat-8.0.15
05-Jan-2015 20:23:10.558 INFO [main] org.apache.catalina.startup.VersionLoggerListener.log Command line argument: -Dcatalina.home=/var/local/apache-tomcat-8.0.15
05-Jan-2015 20:23:10.558 INFO [main] org.apache.catalina.startup.VersionLoggerListener.log Command line argument: -Djava.io.tmpdir=/var/local/apache-tomcat-8.0.15/temp
05-Jan-2015 20:23:10.558 INFO [main] org.apache.catalina.core.AprLifecycleListener.lifecycleEvent The APR based Apache Tomcat Native library which allows optimal performance in production environments was not found on the java.library.path: /usr/java/packages/lib/amd64:/usr/lib/x86_64-linux-gnu/jni:/lib/x86_64-linux-gnu:/usr/lib/x86_64-linux-gnu:/usr/lib/jni:/lib:/usr/lib
05-Jan-2015 20:23:11.140 INFO [main] org.apache.coyote.AbstractProtocol.init Initializing ProtocolHandler ["http-nio-8080"]
05-Jan-2015 20:23:11.185 INFO [main] org.apache.tomcat.util.net.NioSelectorPool.getSharedSelector Using a shared selector for servlet write/read
05-Jan-2015 20:23:11.191 INFO [main] org.apache.coyote.AbstractProtocol.init Initializing ProtocolHandler ["ajp-nio-8009"]
05-Jan-2015 20:23:11.193 INFO [main] org.apache.tomcat.util.net.NioSelectorPool.getSharedSelector Using a shared selector for servlet write/read
05-Jan-2015 20:23:11.197 INFO [main] org.apache.catalina.startup.Catalina.load Initialization processed in 1977 ms
05-Jan-2015 20:23:11.260 INFO [main] org.apache.catalina.core.StandardService.startInternal Starting service Catalina
05-Jan-2015 20:23:11.262 INFO [main] org.apache.catalina.core.StandardEngine.startInternal Starting Servlet Engine: Apache Tomcat/8.0.15
05-Jan-2015 20:23:11.282 INFO [localhost-startStop-1] org.apache.catalina.startup.HostConfig.deployDirectory Deploying web application directory /var/local/apache-tomcat-8.0.15/webapps/examples
05-Jan-2015 20:23:12.932 INFO [localhost-startStop-1] org.apache.catalina.startup.HostConfig.deployDirectory Deployment of web application directory /var/local/apache-tomcat-8.0.15/webapps/examples has finished in 1,635 ms
05-Jan-2015 20:23:12.932 INFO [localhost-startStop-1] org.apache.catalina.startup.HostConfig.deployDirectory Deploying web application directory /var/local/apache-tomcat-8.0.15/webapps/ROOT
05-Jan-2015 20:23:12.953 INFO [localhost-startStop-1] org.apache.catalina.startup.HostConfig.deployDirectory Deployment of web application directory /var/local/apache-tomcat-8.0.15/webapps/ROOT has finished in 21 ms
05-Jan-2015 20:23:12.954 INFO [localhost-startStop-1] org.apache.catalina.startup.HostConfig.deployDirectory Deploying web application directory /var/local/apache-tomcat-8.0.15/webapps/manager
05-Jan-2015 20:23:12.985 INFO [localhost-startStop-1] org.apache.catalina.startup.HostConfig.deployDirectory Deployment of web application directory /var/local/apache-tomcat-8.0.15/webapps/manager has finished in 31 ms
05-Jan-2015 20:23:12.991 INFO [localhost-startStop-1] org.apache.catalina.startup.HostConfig.deployDirectory Deploying web application directory /var/local/apache-tomcat-8.0.15/webapps/host-manager
05-Jan-2015 20:23:13.021 INFO [localhost-startStop-1] org.apache.catalina.startup.HostConfig.deployDirectory Deployment of web application directory /var/local/apache-tomcat-8.0.15/webapps/host-manager has finished in 30 ms
05-Jan-2015 20:23:13.023 INFO [localhost-startStop-1] org.apache.catalina.startup.HostConfig.deployDirectory Deploying web application directory /var/local/apache-tomcat-8.0.15/webapps/docs
05-Jan-2015 20:23:13.083 INFO [localhost-startStop-1] org.apache.catalina.startup.HostConfig.deployDirectory Deployment of web application directory /var/local/apache-tomcat-8.0.15/webapps/docs has finished in 60 ms
05-Jan-2015 20:23:13.089 INFO [main] org.apache.coyote.AbstractProtocol.start Starting ProtocolHandler ["http-nio-8080"]
05-Jan-2015 20:23:13.102 INFO [main] org.apache.coyote.AbstractProtocol.start Starting ProtocolHandler ["ajp-nio-8009"]
05-Jan-2015 20:23:13.107 INFO [main] org.apache.catalina.startup.Catalina.start Server startup in 1909 ms
05-Jan-2015 20:55:43.962 INFO [main] org.apache.catalina.core.StandardServer.await A valid shutdown command was received via the shutdown port. Stopping the Server instance.
05-Jan-2015 20:55:43.962 INFO [main] org.apache.coyote.AbstractProtocol.pause Pausing ProtocolHandler ["http-nio-8080"]
05-Jan-2015 20:55:43.965 INFO [main] org.apache.coyote.AbstractProtocol.pause Pausing ProtocolHandler ["ajp-nio-8009"]
05-Jan-2015 20:55:43.967 INFO [main] org.apache.catalina.core.StandardService.stopInternal Stopping service Catalina
05-Jan-2015 20:55:44.019 INFO [main] org.apache.coyote.AbstractProtocol.stop Stopping ProtocolHandler ["http-nio-8080"]
05-Jan-2015 20:55:44.021 INFO [main] org.apache.coyote.AbstractProtocol.stop Stopping ProtocolHandler ["ajp-nio-8009"]
05-Jan-2015 20:55:44.021 INFO [main] org.apache.coyote.AbstractProtocol.destroy Destroying ProtocolHandler ["http-nio-8080"]
05-Jan-2015 20:55:44.032 INFO [main] org.apache.coyote.AbstractProtocol.destroy Destroying ProtocolHandler ["ajp-nio-8009"]
05-Jan-2015 20:55:48.627 WARNING [main] org.apache.tomcat.util.net.AbstractEndpoint.adjustRelativePath configured file:[/var/local/apache-tomcat-8.0.15/keystore] does not exist.
05-Jan-2015 20:55:48.698 INFO [main] org.apache.catalina.startup.VersionLoggerListener.log Server version:        Apache Tomcat/8.0.15
05-Jan-2015 20:55:48.699 INFO [main] org.apache.catalina.startup.VersionLoggerListener.log Server built:          Nov 2 2014 19:25:20 UTC
05-Jan-2015 20:55:48.700 INFO [main] org.apache.catalina.startup.VersionLoggerListener.log Server number:         8.0.15.0
05-Jan-2015 20:55:48.700 INFO [main] org.apache.catalina.startup.VersionLoggerListener.log OS Name:               Linux
05-Jan-2015 20:55:48.700 INFO [main] org.apache.catalina.startup.VersionLoggerListener.log OS Version:            3.13.0-32-generic
05-Jan-2015 20:55:48.700 INFO [main] org.apache.catalina.startup.VersionLoggerListener.log Architecture:          amd64
05-Jan-2015 20:55:48.700 INFO [main] org.apache.catalina.startup.VersionLoggerListener.log JAVA_HOME:             /usr/lib/jvm/java-7-openjdk-amd64/jre
05-Jan-2015 20:55:48.701 INFO [main] org.apache.catalina.startup.VersionLoggerListener.log JVM Version:           1.7.0_65-b32
05-Jan-2015 20:55:48.701 INFO [main] org.apache.catalina.startup.VersionLoggerListener.log JVM Vendor:            Oracle Corporation
05-Jan-2015 20:55:48.701 INFO [main] org.apache.catalina.startup.VersionLoggerListener.log CATALINA_BASE:         /var/local/apache-tomcat-8.0.15
05-Jan-2015 20:55:48.701 INFO [main] org.apache.catalina.startup.VersionLoggerListener.log CATALINA_HOME:         /var/local/apache-tomcat-8.0.15
05-Jan-2015 20:55:48.702 INFO [main] org.apache.catalina.startup.VersionLoggerListener.log Command line argument: -Djava.util.logging.config.file=/var/local/apache-tomcat-8.0.15/conf/logging.properties
05-Jan-2015 20:55:48.702 INFO [main] org.apache.catalina.startup.VersionLoggerListener.log Command line argument: -Djava.util.logging.manager=org.apache.juli.ClassLoaderLogManager
05-Jan-2015 20:55:48.702 INFO [main] org.apache.catalina.startup.VersionLoggerListener.log Command line argument: -Djava.endorsed.dirs=/var/local/apache-tomcat-8.0.15/endorsed
05-Jan-2015 20:55:48.702 INFO [main] org.apache.catalina.startup.VersionLoggerListener.log Command line argument: -Dcatalina.base=/var/local/apache-tomcat-8.0.15
05-Jan-2015 20:55:48.702 INFO [main] org.apache.catalina.startup.VersionLoggerListener.log Command line argument: -Dcatalina.home=/var/local/apache-tomcat-8.0.15
05-Jan-2015 20:55:48.702 INFO [main] org.apache.catalina.startup.VersionLoggerListener.log Command line argument: -Djava.io.tmpdir=/var/local/apache-tomcat-8.0.15/temp
05-Jan-2015 20:55:48.703 INFO [main] org.apache.catalina.core.AprLifecycleListener.lifecycleEvent The APR based Apache Tomcat Native library which allows optimal performance in production environments was not found on the java.library.path: /usr/java/packages/lib/amd64:/usr/lib/x86_64-linux-gnu/jni:/lib/x86_64-linux-gnu:/usr/lib/x86_64-linux-gnu:/usr/lib/jni:/lib:/usr/lib
05-Jan-2015 20:55:48.827 INFO [main] org.apache.coyote.AbstractProtocol.init Initializing ProtocolHandler ["http-nio-8080"]
05-Jan-2015 20:55:48.860 INFO [main] org.apache.tomcat.util.net.NioSelectorPool.getSharedSelector Using a shared selector for servlet write/read
05-Jan-2015 20:55:48.867 INFO [main] org.apache.coyote.AbstractProtocol.init Initializing ProtocolHandler ["ajp-nio-8009"]
05-Jan-2015 20:55:48.869 INFO [main] org.apache.tomcat.util.net.NioSelectorPool.getSharedSelector Using a shared selector for servlet write/read
05-Jan-2015 20:55:48.870 INFO [main] org.apache.coyote.AbstractProtocol.init Initializing ProtocolHandler ["http-nio-8443"]
05-Jan-2015 20:55:49.427 SEVERE [main] org.apache.tomcat.util.net.jsse.JSSESocketFactory.getStore Failed to load keystore type JKS with path /var/local/apache-tomcat-8.0.15/keystore due to /var/local/apache-tomcat-8.0.15/keystore (No such file or directory)
 java.io.FileNotFoundException: /var/local/apache-tomcat-8.0.15/keystore (No such file or directory)
	at java.io.FileInputStream.open(Native Method)
	at java.io.FileInputStream.<init>(FileInputStream.java:146)
	at org.apache.tomcat.util.net.jsse.JSSESocketFactory.getStore(JSSESocketFactory.java:417)
	at org.apache.tomcat.util.net.jsse.JSSESocketFactory.getKeystore(JSSESocketFactory.java:323)
	at org.apache.tomcat.util.net.jsse.JSSESocketFactory.getKeyManagers(JSSESocketFactory.java:581)
	at org.apache.tomcat.util.net.jsse.JSSESocketFactory.getKeyManagers(JSSESocketFactory.java:521)
	at org.apache.tomcat.util.net.NioEndpoint.bind(NioEndpoint.java:363)
	at org.apache.tomcat.util.net.AbstractEndpoint.init(AbstractEndpoint.java:730)
	at org.apache.coyote.AbstractProtocol.init(AbstractProtocol.java:456)
	at org.apache.coyote.http11.AbstractHttp11JsseProtocol.init(AbstractHttp11JsseProtocol.java:120)
	at org.apache.catalina.connector.Connector.initInternal(Connector.java:960)
	at org.apache.catalina.util.LifecycleBase.init(LifecycleBase.java:102)
	at org.apache.catalina.core.StandardService.initInternal(StandardService.java:567)
	at org.apache.catalina.util.LifecycleBase.init(LifecycleBase.java:102)
	at org.apache.catalina.core.StandardServer.initInternal(StandardServer.java:842)
	at org.apache.catalina.util.LifecycleBase.init(LifecycleBase.java:102)
	at org.apache.catalina.startup.Catalina.load(Catalina.java:576)
	at org.apache.catalina.startup.Catalina.load(Catalina.java:599)
	at sun.reflect.NativeMethodAccessorImpl.invoke0(Native Method)
	at sun.reflect.NativeMethodAccessorImpl.invoke(NativeMethodAccessorImpl.java:57)
	at sun.reflect.DelegatingMethodAccessorImpl.invoke(DelegatingMethodAccessorImpl.java:43)
	at java.lang.reflect.Method.invoke(Method.java:606)
	at org.apache.catalina.startup.Bootstrap.load(Bootstrap.java:310)
	at org.apache.catalina.startup.Bootstrap.main(Bootstrap.java:484)

05-Jan-2015 20:55:49.428 SEVERE [main] org.apache.coyote.AbstractProtocol.init Failed to initialize end point associated with ProtocolHandler ["http-nio-8443"]
 java.io.FileNotFoundException: /var/local/apache-tomcat-8.0.15/keystore (No such file or directory)
	at java.io.FileInputStream.open(Native Method)
	at java.io.FileInputStream.<init>(FileInputStream.java:146)
	at org.apache.tomcat.util.net.jsse.JSSESocketFactory.getStore(JSSESocketFactory.java:417)
	at org.apache.tomcat.util.net.jsse.JSSESocketFactory.getKeystore(JSSESocketFactory.java:323)
	at org.apache.tomcat.util.net.jsse.JSSESocketFactory.getKeyManagers(JSSESocketFactory.java:581)
	at org.apache.tomcat.util.net.jsse.JSSESocketFactory.getKeyManagers(JSSESocketFactory.java:521)
	at org.apache.tomcat.util.net.NioEndpoint.bind(NioEndpoint.java:363)
	at org.apache.tomcat.util.net.AbstractEndpoint.init(AbstractEndpoint.java:730)
	at org.apache.coyote.AbstractProtocol.init(AbstractProtocol.java:456)
	at org.apache.coyote.http11.AbstractHttp11JsseProtocol.init(AbstractHttp11JsseProtocol.java:120)
	at org.apache.catalina.connector.Connector.initInternal(Connector.java:960)
	at org.apache.catalina.util.LifecycleBase.init(LifecycleBase.java:102)
	at org.apache.catalina.core.StandardService.initInternal(StandardService.java:567)
	at org.apache.catalina.util.LifecycleBase.init(LifecycleBase.java:102)
	at org.apache.catalina.core.StandardServer.initInternal(StandardServer.java:842)
	at org.apache.catalina.util.LifecycleBase.init(LifecycleBase.java:102)
	at org.apache.catalina.startup.Catalina.load(Catalina.java:576)
	at org.apache.catalina.startup.Catalina.load(Catalina.java:599)
	at sun.reflect.NativeMethodAccessorImpl.invoke0(Native Method)
	at sun.reflect.NativeMethodAccessorImpl.invoke(NativeMethodAccessorImpl.java:57)
	at sun.reflect.DelegatingMethodAccessorImpl.invoke(DelegatingMethodAccessorImpl.java:43)
	at java.lang.reflect.Method.invoke(Method.java:606)
	at org.apache.catalina.startup.Bootstrap.load(Bootstrap.java:310)
	at org.apache.catalina.startup.Bootstrap.main(Bootstrap.java:484)

05-Jan-2015 20:55:49.430 SEVERE [main] org.apache.catalina.core.StandardService.initInternal Failed to initialize connector [Connector[HTTP/1.1-8443]]
 org.apache.catalina.LifecycleException: Failed to initialize component [Connector[HTTP/1.1-8443]]
	at org.apache.catalina.util.LifecycleBase.init(LifecycleBase.java:106)
	at org.apache.catalina.core.StandardService.initInternal(StandardService.java:567)
	at org.apache.catalina.util.LifecycleBase.init(LifecycleBase.java:102)
	at org.apache.catalina.core.StandardServer.initInternal(StandardServer.java:842)
	at org.apache.catalina.util.LifecycleBase.init(LifecycleBase.java:102)
	at org.apache.catalina.startup.Catalina.load(Catalina.java:576)
	at org.apache.catalina.startup.Catalina.load(Catalina.java:599)
	at sun.reflect.NativeMethodAccessorImpl.invoke0(Native Method)
	at sun.reflect.NativeMethodAccessorImpl.invoke(NativeMethodAccessorImpl.java:57)
	at sun.reflect.DelegatingMethodAccessorImpl.invoke(DelegatingMethodAccessorImpl.java:43)
	at java.lang.reflect.Method.invoke(Method.java:606)
	at org.apache.catalina.startup.Bootstrap.load(Bootstrap.java:310)
	at org.apache.catalina.startup.Bootstrap.main(Bootstrap.java:484)
Caused by: org.apache.catalina.LifecycleException: Protocol handler initialization failed
	at org.apache.catalina.connector.Connector.initInternal(Connector.java:962)
	at org.apache.catalina.util.LifecycleBase.init(LifecycleBase.java:102)
	... 12 more
Caused by: java.io.FileNotFoundException: /var/local/apache-tomcat-8.0.15/keystore (No such file or directory)
	at java.io.FileInputStream.open(Native Method)
	at java.io.FileInputStream.<init>(FileInputStream.java:146)
	at org.apache.tomcat.util.net.jsse.JSSESocketFactory.getStore(JSSESocketFactory.java:417)
	at org.apache.tomcat.util.net.jsse.JSSESocketFactory.getKeystore(JSSESocketFactory.java:323)
	at org.apache.tomcat.util.net.jsse.JSSESocketFactory.getKeyManagers(JSSESocketFactory.java:581)
	at org.apache.tomcat.util.net.jsse.JSSESocketFactory.getKeyManagers(JSSESocketFactory.java:521)
	at org.apache.tomcat.util.net.NioEndpoint.bind(NioEndpoint.java:363)
	at org.apache.tomcat.util.net.AbstractEndpoint.init(AbstractEndpoint.java:730)
	at org.apache.coyote.AbstractProtocol.init(AbstractProtocol.java:456)
	at org.apache.coyote.http11.AbstractHttp11JsseProtocol.init(AbstractHttp11JsseProtocol.java:120)
	at org.apache.catalina.connector.Connector.initInternal(Connector.java:960)
	... 13 more

05-Jan-2015 20:55:49.432 INFO [main] org.apache.catalina.startup.Catalina.load Initialization processed in 1572 ms
05-Jan-2015 20:55:49.496 INFO [main] org.apache.catalina.core.StandardService.startInternal Starting service Catalina
05-Jan-2015 20:55:49.497 INFO [main] org.apache.catalina.core.StandardEngine.startInternal Starting Servlet Engine: Apache Tomcat/8.0.15
05-Jan-2015 20:55:49.520 INFO [localhost-startStop-1] org.apache.catalina.startup.HostConfig.deployDirectory Deploying web application directory /var/local/apache-tomcat-8.0.15/webapps/examples
05-Jan-2015 20:55:51.089 INFO [localhost-startStop-1] org.apache.catalina.startup.HostConfig.deployDirectory Deployment of web application directory /var/local/apache-tomcat-8.0.15/webapps/examples has finished in 1,570 ms
05-Jan-2015 20:55:51.095 INFO [localhost-startStop-1] org.apache.catalina.startup.HostConfig.deployDirectory Deploying web application directory /var/local/apache-tomcat-8.0.15/webapps/ROOT
05-Jan-2015 20:55:51.129 INFO [localhost-startStop-1] org.apache.catalina.startup.HostConfig.deployDirectory Deployment of web application directory /var/local/apache-tomcat-8.0.15/webapps/ROOT has finished in 34 ms
05-Jan-2015 20:55:51.129 INFO [localhost-startStop-1] org.apache.catalina.startup.HostConfig.deployDirectory Deploying web application directory /var/local/apache-tomcat-8.0.15/webapps/manager
05-Jan-2015 20:55:51.180 INFO [localhost-startStop-1] org.apache.catalina.startup.HostConfig.deployDirectory Deployment of web application directory /var/local/apache-tomcat-8.0.15/webapps/manager has finished in 51 ms
05-Jan-2015 20:55:51.180 INFO [localhost-startStop-1] org.apache.catalina.startup.HostConfig.deployDirectory Deploying web application directory /var/local/apache-tomcat-8.0.15/webapps/host-manager
05-Jan-2015 20:55:51.215 INFO [localhost-startStop-1] org.apache.catalina.startup.HostConfig.deployDirectory Deployment of web application directory /var/local/apache-tomcat-8.0.15/webapps/host-manager has finished in 35 ms
05-Jan-2015 20:55:51.216 INFO [localhost-startStop-1] org.apache.catalina.startup.HostConfig.deployDirectory Deploying web application directory /var/local/apache-tomcat-8.0.15/webapps/docs
05-Jan-2015 20:55:51.261 INFO [localhost-startStop-1] org.apache.catalina.startup.HostConfig.deployDirectory Deployment of web application directory /var/local/apache-tomcat-8.0.15/webapps/docs has finished in 45 ms
05-Jan-2015 20:55:51.273 INFO [main] org.apache.coyote.AbstractProtocol.start Starting ProtocolHandler ["http-nio-8080"]
05-Jan-2015 20:55:51.285 INFO [main] org.apache.coyote.AbstractProtocol.start Starting ProtocolHandler ["ajp-nio-8009"]
05-Jan-2015 20:55:51.291 INFO [main] org.apache.catalina.startup.Catalina.start Server startup in 1859 ms
05-Jan-2015 20:58:44.502 INFO [http-nio-8080-exec-6] org.apache.coyote.http11.AbstractHttp11Processor.process Error parsing HTTP request header
 Note: further occurrences of HTTP header parsing errors will be logged at DEBUG level.
05-Jan-2015 20:58:44.505 INFO [http-nio-8080-exec-7] org.apache.coyote.http11.AbstractHttp11Processor.process Error parsing HTTP request header
 Note: further occurrences of HTTP header parsing errors will be logged at DEBUG level.
05-Jan-2015 22:27:35.191 INFO [main] org.apache.catalina.startup.VersionLoggerListener.log Server version:        Apache Tomcat/8.0.15
05-Jan-2015 22:27:35.208 INFO [main] org.apache.catalina.startup.VersionLoggerListener.log Server built:          Nov 2 2014 19:25:20 UTC
05-Jan-2015 22:27:35.209 INFO [main] org.apache.catalina.startup.VersionLoggerListener.log Server number:         8.0.15.0
05-Jan-2015 22:27:35.209 INFO [main] org.apache.catalina.startup.VersionLoggerListener.log OS Name:               Linux
05-Jan-2015 22:27:35.209 INFO [main] org.apache.catalina.startup.VersionLoggerListener.log OS Version:            3.13.0-32-generic
05-Jan-2015 22:27:35.209 INFO [main] org.apache.catalina.startup.VersionLoggerListener.log Architecture:          amd64
05-Jan-2015 22:27:35.209 INFO [main] org.apache.catalina.startup.VersionLoggerListener.log JAVA_HOME:             /usr/lib/jvm/java-7-openjdk-amd64/jre
05-Jan-2015 22:27:35.210 INFO [main] org.apache.catalina.startup.VersionLoggerListener.log JVM Version:           1.7.0_65-b32
05-Jan-2015 22:27:35.210 INFO [main] org.apache.catalina.startup.VersionLoggerListener.log JVM Vendor:            Oracle Corporation
05-Jan-2015 22:27:35.210 INFO [main] org.apache.catalina.startup.VersionLoggerListener.log CATALINA_BASE:         /var/local/apache-tomcat-8.0.15
05-Jan-2015 22:27:35.210 INFO [main] org.apache.catalina.startup.VersionLoggerListener.log CATALINA_HOME:         /var/local/apache-tomcat-8.0.15
05-Jan-2015 22:27:35.211 INFO [main] org.apache.catalina.startup.VersionLoggerListener.log Command line argument: -Djava.util.logging.config.file=/var/local/apache-tomcat-8.0.15/conf/logging.properties
05-Jan-2015 22:27:35.211 INFO [main] org.apache.catalina.startup.VersionLoggerListener.log Command line argument: -Djava.util.logging.manager=org.apache.juli.ClassLoaderLogManager
05-Jan-2015 22:27:35.211 INFO [main] org.apache.catalina.startup.VersionLoggerListener.log Command line argument: -Djava.endorsed.dirs=/var/local/apache-tomcat-8.0.15/endorsed
05-Jan-2015 22:27:35.211 INFO [main] org.apache.catalina.startup.VersionLoggerListener.log Command line argument: -Dcatalina.base=/var/local/apache-tomcat-8.0.15
05-Jan-2015 22:27:35.211 INFO [main] org.apache.catalina.startup.VersionLoggerListener.log Command line argument: -Dcatalina.home=/var/local/apache-tomcat-8.0.15
05-Jan-2015 22:27:35.212 INFO [main] org.apache.catalina.startup.VersionLoggerListener.log Command line argument: -Djava.io.tmpdir=/var/local/apache-tomcat-8.0.15/temp
05-Jan-2015 22:27:35.212 INFO [main] org.apache.catalina.core.AprLifecycleListener.lifecycleEvent The APR based Apache Tomcat Native library which allows optimal performance in production environments was not found on the java.library.path: /usr/java/packages/lib/amd64:/usr/lib/x86_64-linux-gnu/jni:/lib/x86_64-linux-gnu:/usr/lib/x86_64-linux-gnu:/usr/lib/jni:/lib:/usr/lib
05-Jan-2015 22:27:36.584 INFO [main] org.apache.coyote.AbstractProtocol.init Initializing ProtocolHandler ["http-nio-8080"]
05-Jan-2015 22:27:36.765 INFO [main] org.apache.tomcat.util.net.NioSelectorPool.getSharedSelector Using a shared selector for servlet write/read
05-Jan-2015 22:27:36.768 INFO [main] org.apache.coyote.AbstractProtocol.init Initializing ProtocolHandler ["ajp-nio-8009"]
05-Jan-2015 22:27:36.769 INFO [main] org.apache.tomcat.util.net.NioSelectorPool.getSharedSelector Using a shared selector for servlet write/read
05-Jan-2015 22:27:36.770 INFO [main] org.apache.coyote.AbstractProtocol.init Initializing ProtocolHandler ["http-nio-8443"]
05-Jan-2015 22:27:37.527 INFO [main] org.apache.tomcat.util.net.NioSelectorPool.getSharedSelector Using a shared selector for servlet write/read
05-Jan-2015 22:27:37.533 INFO [main] org.apache.catalina.startup.Catalina.load Initialization processed in 4569 ms
05-Jan-2015 22:27:37.921 INFO [main] org.apache.catalina.core.StandardService.startInternal Starting service Catalina
05-Jan-2015 22:27:37.922 INFO [main] org.apache.catalina.core.StandardEngine.startInternal Starting Servlet Engine: Apache Tomcat/8.0.15
05-Jan-2015 22:27:37.940 INFO [localhost-startStop-1] org.apache.catalina.startup.HostConfig.deployDirectory Deploying web application directory /var/local/apache-tomcat-8.0.15/webapps/examples
05-Jan-2015 22:27:40.634 INFO [localhost-startStop-1] org.apache.catalina.startup.HostConfig.deployDirectory Deployment of web application directory /var/local/apache-tomcat-8.0.15/webapps/examples has finished in 2,691 ms
05-Jan-2015 22:27:40.634 INFO [localhost-startStop-1] org.apache.catalina.startup.HostConfig.deployDirectory Deploying web application directory /var/local/apache-tomcat-8.0.15/webapps/ROOT
05-Jan-2015 22:27:40.690 INFO [localhost-startStop-1] org.apache.catalina.startup.HostConfig.deployDirectory Deployment of web application directory /var/local/apache-tomcat-8.0.15/webapps/ROOT has finished in 56 ms
05-Jan-2015 22:27:40.690 INFO [localhost-startStop-1] org.apache.catalina.startup.HostConfig.deployDirectory Deploying web application directory /var/local/apache-tomcat-8.0.15/webapps/manager
05-Jan-2015 22:27:40.844 INFO [localhost-startStop-1] org.apache.catalina.startup.HostConfig.deployDirectory Deployment of web application directory /var/local/apache-tomcat-8.0.15/webapps/manager has finished in 154 ms
05-Jan-2015 22:27:40.844 INFO [localhost-startStop-1] org.apache.catalina.startup.HostConfig.deployDirectory Deploying web application directory /var/local/apache-tomcat-8.0.15/webapps/host-manager
05-Jan-2015 22:27:41.013 INFO [localhost-startStop-1] org.apache.catalina.startup.HostConfig.deployDirectory Deployment of web application directory /var/local/apache-tomcat-8.0.15/webapps/host-manager has finished in 169 ms
05-Jan-2015 22:27:41.013 INFO [localhost-startStop-1] org.apache.catalina.startup.HostConfig.deployDirectory Deploying web application directory /var/local/apache-tomcat-8.0.15/webapps/docs
05-Jan-2015 22:27:41.078 INFO [localhost-startStop-1] org.apache.catalina.startup.HostConfig.deployDirectory Deployment of web application directory /var/local/apache-tomcat-8.0.15/webapps/docs has finished in 65 ms
05-Jan-2015 22:27:41.086 INFO [main] org.apache.coyote.AbstractProtocol.start Starting ProtocolHandler ["http-nio-8080"]
05-Jan-2015 22:27:41.098 INFO [main] org.apache.coyote.AbstractProtocol.start Starting ProtocolHandler ["ajp-nio-8009"]
05-Jan-2015 22:27:41.102 INFO [main] org.apache.coyote.AbstractProtocol.start Starting ProtocolHandler ["http-nio-8443"]
05-Jan-2015 22:27:41.109 INFO [main] org.apache.catalina.startup.Catalina.start Server startup in 3575 ms
05-Jan-2015 22:34:57.497 INFO [main] org.apache.catalina.core.StandardServer.await A valid shutdown command was received via the shutdown port. Stopping the Server instance.
05-Jan-2015 22:34:57.498 INFO [main] org.apache.coyote.AbstractProtocol.pause Pausing ProtocolHandler ["http-nio-8080"]
05-Jan-2015 22:34:57.507 INFO [main] org.apache.coyote.AbstractProtocol.pause Pausing ProtocolHandler ["ajp-nio-8009"]
05-Jan-2015 22:34:57.508 INFO [main] org.apache.coyote.AbstractProtocol.pause Pausing ProtocolHandler ["http-nio-8443"]
05-Jan-2015 22:34:57.514 INFO [main] org.apache.catalina.core.StandardService.stopInternal Stopping service Catalina
05-Jan-2015 22:34:57.588 INFO [main] org.apache.coyote.AbstractProtocol.stop Stopping ProtocolHandler ["http-nio-8080"]
05-Jan-2015 22:34:57.589 INFO [main] org.apache.coyote.AbstractProtocol.stop Stopping ProtocolHandler ["ajp-nio-8009"]
05-Jan-2015 22:34:57.637 INFO [main] org.apache.coyote.AbstractProtocol.stop Stopping ProtocolHandler ["http-nio-8443"]
05-Jan-2015 22:34:57.639 INFO [main] org.apache.coyote.AbstractProtocol.destroy Destroying ProtocolHandler ["http-nio-8080"]
05-Jan-2015 22:34:57.639 INFO [main] org.apache.coyote.AbstractProtocol.destroy Destroying ProtocolHandler ["ajp-nio-8009"]
05-Jan-2015 22:34:57.640 INFO [main] org.apache.coyote.AbstractProtocol.destroy Destroying ProtocolHandler ["http-nio-8443"]
05-Jan-2015 22:35:00.678 INFO [main] org.apache.catalina.startup.VersionLoggerListener.log Server version:        Apache Tomcat/8.0.15
05-Jan-2015 22:35:00.680 INFO [main] org.apache.catalina.startup.VersionLoggerListener.log Server built:          Nov 2 2014 19:25:20 UTC
05-Jan-2015 22:35:00.680 INFO [main] org.apache.catalina.startup.VersionLoggerListener.log Server number:         8.0.15.0
05-Jan-2015 22:35:00.680 INFO [main] org.apache.catalina.startup.VersionLoggerListener.log OS Name:               Linux
05-Jan-2015 22:35:00.681 INFO [main] org.apache.catalina.startup.VersionLoggerListener.log OS Version:            3.13.0-32-generic
05-Jan-2015 22:35:00.681 INFO [main] org.apache.catalina.startup.VersionLoggerListener.log Architecture:          amd64
05-Jan-2015 22:35:00.681 INFO [main] org.apache.catalina.startup.VersionLoggerListener.log JAVA_HOME:             /usr/lib/jvm/java-7-openjdk-amd64/jre
05-Jan-2015 22:35:00.681 INFO [main] org.apache.catalina.startup.VersionLoggerListener.log JVM Version:           1.7.0_65-b32
05-Jan-2015 22:35:00.681 INFO [main] org.apache.catalina.startup.VersionLoggerListener.log JVM Vendor:            Oracle Corporation
05-Jan-2015 22:35:00.682 INFO [main] org.apache.catalina.startup.VersionLoggerListener.log CATALINA_BASE:         /var/local/apache-tomcat-8.0.15
05-Jan-2015 22:35:00.682 INFO [main] org.apache.catalina.startup.VersionLoggerListener.log CATALINA_HOME:         /var/local/apache-tomcat-8.0.15
05-Jan-2015 22:35:00.682 INFO [main] org.apache.catalina.startup.VersionLoggerListener.log Command line argument: -Djava.util.logging.config.file=/var/local/apache-tomcat-8.0.15/conf/logging.properties
05-Jan-2015 22:35:00.682 INFO [main] org.apache.catalina.startup.VersionLoggerListener.log Command line argument: -Djava.util.logging.manager=org.apache.juli.ClassLoaderLogManager
05-Jan-2015 22:35:00.682 INFO [main] org.apache.catalina.startup.VersionLoggerListener.log Command line argument: -Djava.endorsed.dirs=/var/local/apache-tomcat-8.0.15/endorsed
05-Jan-2015 22:35:00.683 INFO [main] org.apache.catalina.startup.VersionLoggerListener.log Command line argument: -Dcatalina.base=/var/local/apache-tomcat-8.0.15
05-Jan-2015 22:35:00.683 INFO [main] org.apache.catalina.startup.VersionLoggerListener.log Command line argument: -Dcatalina.home=/var/local/apache-tomcat-8.0.15
05-Jan-2015 22:35:00.683 INFO [main] org.apache.catalina.startup.VersionLoggerListener.log Command line argument: -Djava.io.tmpdir=/var/local/apache-tomcat-8.0.15/temp
05-Jan-2015 22:35:00.683 INFO [main] org.apache.catalina.core.AprLifecycleListener.lifecycleEvent The APR based Apache Tomcat Native library which allows optimal performance in production environments was not found on the java.library.path: /usr/java/packages/lib/amd64:/usr/lib/x86_64-linux-gnu/jni:/lib/x86_64-linux-gnu:/usr/lib/x86_64-linux-gnu:/usr/lib/jni:/lib:/usr/lib
05-Jan-2015 22:35:00.808 INFO [main] org.apache.coyote.AbstractProtocol.init Initializing ProtocolHandler ["http-nio-8080"]
05-Jan-2015 22:35:00.842 INFO [main] org.apache.tomcat.util.net.NioSelectorPool.getSharedSelector Using a shared selector for servlet write/read
05-Jan-2015 22:35:00.850 INFO [main] org.apache.coyote.AbstractProtocol.init Initializing ProtocolHandler ["ajp-nio-8009"]
05-Jan-2015 22:35:00.852 INFO [main] org.apache.tomcat.util.net.NioSelectorPool.getSharedSelector Using a shared selector for servlet write/read
05-Jan-2015 22:35:00.852 INFO [main] org.apache.coyote.AbstractProtocol.init Initializing ProtocolHandler ["http-nio-8443"]
05-Jan-2015 22:35:01.392 INFO [main] org.apache.tomcat.util.net.NioSelectorPool.getSharedSelector Using a shared selector for servlet write/read
05-Jan-2015 22:35:01.397 INFO [main] org.apache.catalina.startup.Catalina.load Initialization processed in 1514 ms
05-Jan-2015 22:35:01.451 INFO [main] org.apache.catalina.core.StandardService.startInternal Starting service Catalina
05-Jan-2015 22:35:01.454 INFO [main] org.apache.catalina.core.StandardEngine.startInternal Starting Servlet Engine: Apache Tomcat/8.0.15
05-Jan-2015 22:35:01.474 INFO [localhost-startStop-1] org.apache.catalina.startup.HostConfig.deployDirectory Deploying web application directory /var/local/apache-tomcat-8.0.15/webapps/examples
05-Jan-2015 22:35:03.088 INFO [localhost-startStop-1] org.apache.catalina.startup.HostConfig.deployDirectory Deployment of web application directory /var/local/apache-tomcat-8.0.15/webapps/examples has finished in 1,613 ms
05-Jan-2015 22:35:03.094 INFO [localhost-startStop-1] org.apache.catalina.startup.HostConfig.deployDirectory Deploying web application directory /var/local/apache-tomcat-8.0.15/webapps/ROOT
05-Jan-2015 22:35:03.127 INFO [localhost-startStop-1] org.apache.catalina.startup.HostConfig.deployDirectory Deployment of web application directory /var/local/apache-tomcat-8.0.15/webapps/ROOT has finished in 33 ms
05-Jan-2015 22:35:03.130 INFO [localhost-startStop-1] org.apache.catalina.startup.HostConfig.deployDirectory Deploying web application directory /var/local/apache-tomcat-8.0.15/webapps/manager
05-Jan-2015 22:35:03.225 INFO [localhost-startStop-1] org.apache.catalina.startup.HostConfig.deployDirectory Deployment of web application directory /var/local/apache-tomcat-8.0.15/webapps/manager has finished in 94 ms
05-Jan-2015 22:35:03.225 INFO [localhost-startStop-1] org.apache.catalina.startup.HostConfig.deployDirectory Deploying web application directory /var/local/apache-tomcat-8.0.15/webapps/host-manager
05-Jan-2015 22:35:03.262 INFO [localhost-startStop-1] org.apache.catalina.startup.HostConfig.deployDirectory Deployment of web application directory /var/local/apache-tomcat-8.0.15/webapps/host-manager has finished in 36 ms
05-Jan-2015 22:35:03.262 INFO [localhost-startStop-1] org.apache.catalina.startup.HostConfig.deployDirectory Deploying web application directory /var/local/apache-tomcat-8.0.15/webapps/docs
05-Jan-2015 22:35:03.393 INFO [localhost-startStop-1] org.apache.catalina.startup.HostConfig.deployDirectory Deployment of web application directory /var/local/apache-tomcat-8.0.15/webapps/docs has finished in 131 ms
05-Jan-2015 22:35:03.400 INFO [main] org.apache.coyote.AbstractProtocol.start Starting ProtocolHandler ["http-nio-8080"]
05-Jan-2015 22:35:03.410 INFO [main] org.apache.coyote.AbstractProtocol.start Starting ProtocolHandler ["ajp-nio-8009"]
05-Jan-2015 22:35:03.411 INFO [main] org.apache.coyote.AbstractProtocol.start Starting ProtocolHandler ["http-nio-8443"]
05-Jan-2015 22:35:03.413 INFO [main] org.apache.catalina.startup.Catalina.start Server startup in 2015 ms
05-Jan-2015 22:40:08.018 INFO [main] org.apache.catalina.core.StandardServer.await A valid shutdown command was received via the shutdown port. Stopping the Server instance.
05-Jan-2015 22:40:08.019 INFO [main] org.apache.coyote.AbstractProtocol.pause Pausing ProtocolHandler ["http-nio-8080"]
05-Jan-2015 22:40:08.025 INFO [main] org.apache.coyote.AbstractProtocol.pause Pausing ProtocolHandler ["ajp-nio-8009"]
05-Jan-2015 22:40:08.027 INFO [main] org.apache.coyote.AbstractProtocol.pause Pausing ProtocolHandler ["http-nio-8443"]
05-Jan-2015 22:40:08.027 INFO [main] org.apache.catalina.core.StandardService.stopInternal Stopping service Catalina
05-Jan-2015 22:40:08.091 INFO [main] org.apache.coyote.AbstractProtocol.stop Stopping ProtocolHandler ["http-nio-8080"]
05-Jan-2015 22:40:08.092 INFO [main] org.apache.coyote.AbstractProtocol.stop Stopping ProtocolHandler ["ajp-nio-8009"]
05-Jan-2015 22:40:08.093 INFO [main] org.apache.coyote.AbstractProtocol.stop Stopping ProtocolHandler ["http-nio-8443"]
05-Jan-2015 22:40:08.184 INFO [main] org.apache.coyote.AbstractProtocol.destroy Destroying ProtocolHandler ["http-nio-8080"]
05-Jan-2015 22:40:08.185 INFO [main] org.apache.coyote.AbstractProtocol.destroy Destroying ProtocolHandler ["ajp-nio-8009"]
05-Jan-2015 22:40:08.185 INFO [main] org.apache.coyote.AbstractProtocol.destroy Destroying ProtocolHandler ["http-nio-8443"]
05-Jan-2015 22:41:42.693 INFO [main] org.apache.catalina.startup.VersionLoggerListener.log Server version:        Apache Tomcat/8.0.15
05-Jan-2015 22:41:42.695 INFO [main] org.apache.catalina.startup.VersionLoggerListener.log Server built:          Nov 2 2014 19:25:20 UTC
05-Jan-2015 22:41:42.696 INFO [main] org.apache.catalina.startup.VersionLoggerListener.log Server number:         8.0.15.0
05-Jan-2015 22:41:42.696 INFO [main] org.apache.catalina.startup.VersionLoggerListener.log OS Name:               Linux
05-Jan-2015 22:41:42.696 INFO [main] org.apache.catalina.startup.VersionLoggerListener.log OS Version:            3.13.0-32-generic
05-Jan-2015 22:41:42.696 INFO [main] org.apache.catalina.startup.VersionLoggerListener.log Architecture:          amd64
05-Jan-2015 22:41:42.697 INFO [main] org.apache.catalina.startup.VersionLoggerListener.log JAVA_HOME:             /usr/lib/jvm/java-7-openjdk-amd64/jre
05-Jan-2015 22:41:42.697 INFO [main] org.apache.catalina.startup.VersionLoggerListener.log JVM Version:           1.7.0_65-b32
05-Jan-2015 22:41:42.697 INFO [main] org.apache.catalina.startup.VersionLoggerListener.log JVM Vendor:            Oracle Corporation
05-Jan-2015 22:41:42.697 INFO [main] org.apache.catalina.startup.VersionLoggerListener.log CATALINA_BASE:         /var/local/apache-tomcat-8.0.15
05-Jan-2015 22:41:42.698 INFO [main] org.apache.catalina.startup.VersionLoggerListener.log CATALINA_HOME:         /var/local/apache-tomcat-8.0.15
05-Jan-2015 22:41:42.698 INFO [main] org.apache.catalina.startup.VersionLoggerListener.log Command line argument: -Djava.util.logging.config.file=/var/local/apache-tomcat-8.0.15/conf/logging.properties
05-Jan-2015 22:41:42.698 INFO [main] org.apache.catalina.startup.VersionLoggerListener.log Command line argument: -Djava.util.logging.manager=org.apache.juli.ClassLoaderLogManager
05-Jan-2015 22:41:42.699 INFO [main] org.apache.catalina.startup.VersionLoggerListener.log Command line argument: -Djava.endorsed.dirs=/var/local/apache-tomcat-8.0.15/endorsed
05-Jan-2015 22:41:42.699 INFO [main] org.apache.catalina.startup.VersionLoggerListener.log Command line argument: -Dcatalina.base=/var/local/apache-tomcat-8.0.15
05-Jan-2015 22:41:42.699 INFO [main] org.apache.catalina.startup.VersionLoggerListener.log Command line argument: -Dcatalina.home=/var/local/apache-tomcat-8.0.15
05-Jan-2015 22:41:42.699 INFO [main] org.apache.catalina.startup.VersionLoggerListener.log Command line argument: -Djava.io.tmpdir=/var/local/apache-tomcat-8.0.15/temp
05-Jan-2015 22:41:42.699 INFO [main] org.apache.catalina.core.AprLifecycleListener.lifecycleEvent The APR based Apache Tomcat Native library which allows optimal performance in production environments was not found on the java.library.path: /usr/java/packages/lib/amd64:/usr/lib/x86_64-linux-gnu/jni:/lib/x86_64-linux-gnu:/usr/lib/x86_64-linux-gnu:/usr/lib/jni:/lib:/usr/lib
05-Jan-2015 22:41:42.848 INFO [main] org.apache.coyote.AbstractProtocol.init Initializing ProtocolHandler ["http-nio-8080"]
05-Jan-2015 22:41:42.890 INFO [main] org.apache.tomcat.util.net.NioSelectorPool.getSharedSelector Using a shared selector for servlet write/read
05-Jan-2015 22:41:42.896 INFO [main] org.apache.coyote.AbstractProtocol.init Initializing ProtocolHandler ["ajp-nio-8009"]
05-Jan-2015 22:41:42.898 INFO [main] org.apache.tomcat.util.net.NioSelectorPool.getSharedSelector Using a shared selector for servlet write/read
05-Jan-2015 22:41:42.902 INFO [main] org.apache.coyote.AbstractProtocol.init Initializing ProtocolHandler ["http-nio-8443"]
05-Jan-2015 22:41:43.518 INFO [main] org.apache.tomcat.util.net.NioSelectorPool.getSharedSelector Using a shared selector for servlet write/read
05-Jan-2015 22:41:43.521 INFO [main] org.apache.catalina.startup.Catalina.load Initialization processed in 1773 ms
05-Jan-2015 22:41:43.579 INFO [main] org.apache.catalina.core.StandardService.startInternal Starting service Catalina
05-Jan-2015 22:41:43.586 INFO [main] org.apache.catalina.core.StandardEngine.startInternal Starting Servlet Engine: Apache Tomcat/8.0.15
05-Jan-2015 22:41:43.604 INFO [localhost-startStop-1] org.apache.catalina.startup.HostConfig.deployDirectory Deploying web application directory /var/local/apache-tomcat-8.0.15/webapps/examples
05-Jan-2015 22:41:45.381 INFO [localhost-startStop-1] org.apache.catalina.startup.HostConfig.deployDirectory Deployment of web application directory /var/local/apache-tomcat-8.0.15/webapps/examples has finished in 1,776 ms
05-Jan-2015 22:41:45.381 INFO [localhost-startStop-1] org.apache.catalina.startup.HostConfig.deployDirectory Deploying web application directory /var/local/apache-tomcat-8.0.15/webapps/ROOT
05-Jan-2015 22:41:45.425 INFO [localhost-startStop-1] org.apache.catalina.startup.HostConfig.deployDirectory Deployment of web application directory /var/local/apache-tomcat-8.0.15/webapps/ROOT has finished in 44 ms
05-Jan-2015 22:41:45.430 INFO [localhost-startStop-1] org.apache.catalina.startup.HostConfig.deployDirectory Deploying web application directory /var/local/apache-tomcat-8.0.15/webapps/manager
05-Jan-2015 22:41:45.472 INFO [localhost-startStop-1] org.apache.catalina.startup.HostConfig.deployDirectory Deployment of web application directory /var/local/apache-tomcat-8.0.15/webapps/manager has finished in 42 ms
05-Jan-2015 22:41:45.472 INFO [localhost-startStop-1] org.apache.catalina.startup.HostConfig.deployDirectory Deploying web application directory /var/local/apache-tomcat-8.0.15/webapps/host-manager
05-Jan-2015 22:41:45.514 INFO [localhost-startStop-1] org.apache.catalina.startup.HostConfig.deployDirectory Deployment of web application directory /var/local/apache-tomcat-8.0.15/webapps/host-manager has finished in 42 ms
05-Jan-2015 22:41:45.514 INFO [localhost-startStop-1] org.apache.catalina.startup.HostConfig.deployDirectory Deploying web application directory /var/local/apache-tomcat-8.0.15/webapps/docs
05-Jan-2015 22:41:45.555 INFO [localhost-startStop-1] org.apache.catalina.startup.HostConfig.deployDirectory Deployment of web application directory /var/local/apache-tomcat-8.0.15/webapps/docs has finished in 41 ms
05-Jan-2015 22:41:45.564 INFO [main] org.apache.coyote.AbstractProtocol.start Starting ProtocolHandler ["http-nio-8080"]
05-Jan-2015 22:41:45.585 INFO [main] org.apache.coyote.AbstractProtocol.start Starting ProtocolHandler ["ajp-nio-8009"]
05-Jan-2015 22:41:45.589 INFO [main] org.apache.coyote.AbstractProtocol.start Starting ProtocolHandler ["http-nio-8443"]
05-Jan-2015 22:41:45.593 INFO [main] org.apache.catalina.startup.Catalina.start Server startup in 2071 ms
05-Jan-2015 22:42:20.607 INFO [main] org.apache.catalina.core.StandardServer.await A valid shutdown command was received via the shutdown port. Stopping the Server instance.
05-Jan-2015 22:42:20.607 INFO [main] org.apache.coyote.AbstractProtocol.pause Pausing ProtocolHandler ["http-nio-8080"]
05-Jan-2015 22:42:20.610 INFO [main] org.apache.coyote.AbstractProtocol.pause Pausing ProtocolHandler ["ajp-nio-8009"]
05-Jan-2015 22:42:20.611 INFO [main] org.apache.coyote.AbstractProtocol.pause Pausing ProtocolHandler ["http-nio-8443"]
05-Jan-2015 22:42:20.611 INFO [main] org.apache.catalina.core.StandardService.stopInternal Stopping service Catalina
05-Jan-2015 22:42:20.662 INFO [main] org.apache.coyote.AbstractProtocol.stop Stopping ProtocolHandler ["http-nio-8080"]
05-Jan-2015 22:42:20.662 INFO [main] org.apache.coyote.AbstractProtocol.stop Stopping ProtocolHandler ["ajp-nio-8009"]
05-Jan-2015 22:42:20.663 INFO [main] org.apache.coyote.AbstractProtocol.stop Stopping ProtocolHandler ["http-nio-8443"]
05-Jan-2015 22:42:20.664 INFO [main] org.apache.coyote.AbstractProtocol.destroy Destroying ProtocolHandler ["http-nio-8080"]
05-Jan-2015 22:42:20.665 INFO [main] org.apache.coyote.AbstractProtocol.destroy Destroying ProtocolHandler ["ajp-nio-8009"]
05-Jan-2015 22:42:20.665 INFO [main] org.apache.coyote.AbstractProtocol.destroy Destroying ProtocolHandler ["http-nio-8443"]
05-Jan-2015 22:44:20.881 INFO [main] org.apache.catalina.startup.VersionLoggerListener.log Server version:        Apache Tomcat/8.0.15
05-Jan-2015 22:44:20.883 INFO [main] org.apache.catalina.startup.VersionLoggerListener.log Server built:          Nov 2 2014 19:25:20 UTC
05-Jan-2015 22:44:20.883 INFO [main] org.apache.catalina.startup.VersionLoggerListener.log Server number:         8.0.15.0
05-Jan-2015 22:44:20.883 INFO [main] org.apache.catalina.startup.VersionLoggerListener.log OS Name:               Linux
05-Jan-2015 22:44:20.883 INFO [main] org.apache.catalina.startup.VersionLoggerListener.log OS Version:            3.13.0-32-generic
05-Jan-2015 22:44:20.883 INFO [main] org.apache.catalina.startup.VersionLoggerListener.log Architecture:          amd64
05-Jan-2015 22:44:20.884 INFO [main] org.apache.catalina.startup.VersionLoggerListener.log JAVA_HOME:             /usr/lib/jvm/java-7-openjdk-amd64/jre
05-Jan-2015 22:44:20.884 INFO [main] org.apache.catalina.startup.VersionLoggerListener.log JVM Version:           1.7.0_65-b32
05-Jan-2015 22:44:20.884 INFO [main] org.apache.catalina.startup.VersionLoggerListener.log JVM Vendor:            Oracle Corporation
05-Jan-2015 22:44:20.884 INFO [main] org.apache.catalina.startup.VersionLoggerListener.log CATALINA_BASE:         /var/local/apache-tomcat-8.0.15
05-Jan-2015 22:44:20.884 INFO [main] org.apache.catalina.startup.VersionLoggerListener.log CATALINA_HOME:         /var/local/apache-tomcat-8.0.15
05-Jan-2015 22:44:20.885 INFO [main] org.apache.catalina.startup.VersionLoggerListener.log Command line argument: -Djava.util.logging.config.file=/var/local/apache-tomcat-8.0.15/conf/logging.properties
05-Jan-2015 22:44:20.885 INFO [main] org.apache.catalina.startup.VersionLoggerListener.log Command line argument: -Djava.util.logging.manager=org.apache.juli.ClassLoaderLogManager
05-Jan-2015 22:44:20.885 INFO [main] org.apache.catalina.startup.VersionLoggerListener.log Command line argument: -Djava.endorsed.dirs=/var/local/apache-tomcat-8.0.15/endorsed
05-Jan-2015 22:44:20.885 INFO [main] org.apache.catalina.startup.VersionLoggerListener.log Command line argument: -Dcatalina.base=/var/local/apache-tomcat-8.0.15
05-Jan-2015 22:44:20.885 INFO [main] org.apache.catalina.startup.VersionLoggerListener.log Command line argument: -Dcatalina.home=/var/local/apache-tomcat-8.0.15
05-Jan-2015 22:44:20.886 INFO [main] org.apache.catalina.startup.VersionLoggerListener.log Command line argument: -Djava.io.tmpdir=/var/local/apache-tomcat-8.0.15/temp
05-Jan-2015 22:44:20.886 INFO [main] org.apache.catalina.core.AprLifecycleListener.lifecycleEvent The APR based Apache Tomcat Native library which allows optimal performance in production environments was not found on the java.library.path: /usr/java/packages/lib/amd64:/usr/lib/x86_64-linux-gnu/jni:/lib/x86_64-linux-gnu:/usr/lib/x86_64-linux-gnu:/usr/lib/jni:/lib:/usr/lib
05-Jan-2015 22:44:21.008 INFO [main] org.apache.coyote.AbstractProtocol.init Initializing ProtocolHandler ["http-nio-8080"]
05-Jan-2015 22:44:21.042 INFO [main] org.apache.tomcat.util.net.NioSelectorPool.getSharedSelector Using a shared selector for servlet write/read
05-Jan-2015 22:44:21.047 INFO [main] org.apache.coyote.AbstractProtocol.init Initializing ProtocolHandler ["http-nio-8443"]
05-Jan-2015 22:44:21.563 INFO [main] org.apache.tomcat.util.net.NioSelectorPool.getSharedSelector Using a shared selector for servlet write/read
05-Jan-2015 22:44:21.570 INFO [main] org.apache.coyote.AbstractProtocol.init Initializing ProtocolHandler ["ajp-nio-8009"]
05-Jan-2015 22:44:21.578 INFO [main] org.apache.tomcat.util.net.NioSelectorPool.getSharedSelector Using a shared selector for servlet write/read
05-Jan-2015 22:44:21.579 INFO [main] org.apache.catalina.startup.Catalina.load Initialization processed in 1482 ms
05-Jan-2015 22:44:21.632 INFO [main] org.apache.catalina.core.StandardService.startInternal Starting service Catalina
05-Jan-2015 22:44:21.634 INFO [main] org.apache.catalina.core.StandardEngine.startInternal Starting Servlet Engine: Apache Tomcat/8.0.15
05-Jan-2015 22:44:21.654 INFO [localhost-startStop-1] org.apache.catalina.startup.HostConfig.deployDirectory Deploying web application directory /var/local/apache-tomcat-8.0.15/webapps/examples
05-Jan-2015 22:45:15.567 INFO [localhost-startStop-1] org.apache.catalina.util.SessionIdGeneratorBase.createSecureRandom Creation of SecureRandom instance for session ID generation using [SHA1PRNG] took [52,432] milliseconds.
05-Jan-2015 22:45:15.597 INFO [localhost-startStop-1] org.apache.catalina.startup.HostConfig.deployDirectory Deployment of web application directory /var/local/apache-tomcat-8.0.15/webapps/examples has finished in 53,943 ms
05-Jan-2015 22:45:15.598 INFO [localhost-startStop-1] org.apache.catalina.startup.HostConfig.deployDirectory Deploying web application directory /var/local/apache-tomcat-8.0.15/webapps/ROOT
05-Jan-2015 22:45:15.631 INFO [localhost-startStop-1] org.apache.catalina.startup.HostConfig.deployDirectory Deployment of web application directory /var/local/apache-tomcat-8.0.15/webapps/ROOT has finished in 34 ms
05-Jan-2015 22:45:15.632 INFO [localhost-startStop-1] org.apache.catalina.startup.HostConfig.deployDirectory Deploying web application directory /var/local/apache-tomcat-8.0.15/webapps/manager
05-Jan-2015 22:45:15.655 INFO [localhost-startStop-1] org.apache.catalina.startup.HostConfig.deployDirectory Deployment of web application directory /var/local/apache-tomcat-8.0.15/webapps/manager has finished in 23 ms
05-Jan-2015 22:45:15.655 INFO [localhost-startStop-1] org.apache.catalina.startup.HostConfig.deployDirectory Deploying web application directory /var/local/apache-tomcat-8.0.15/webapps/host-manager
05-Jan-2015 22:45:15.690 INFO [localhost-startStop-1] org.apache.catalina.startup.HostConfig.deployDirectory Deployment of web application directory /var/local/apache-tomcat-8.0.15/webapps/host-manager has finished in 34 ms
05-Jan-2015 22:45:15.690 INFO [localhost-startStop-1] org.apache.catalina.startup.HostConfig.deployDirectory Deploying web application directory /var/local/apache-tomcat-8.0.15/webapps/docs
05-Jan-2015 22:45:15.727 INFO [localhost-startStop-1] org.apache.catalina.startup.HostConfig.deployDirectory Deployment of web application directory /var/local/apache-tomcat-8.0.15/webapps/docs has finished in 37 ms
05-Jan-2015 22:45:15.742 INFO [main] org.apache.coyote.AbstractProtocol.start Starting ProtocolHandler ["http-nio-8080"]
05-Jan-2015 22:45:15.754 INFO [main] org.apache.coyote.AbstractProtocol.start Starting ProtocolHandler ["http-nio-8443"]
05-Jan-2015 22:45:15.761 INFO [main] org.apache.coyote.AbstractProtocol.start Starting ProtocolHandler ["ajp-nio-8009"]
05-Jan-2015 22:45:15.769 INFO [main] org.apache.catalina.startup.Catalina.start Server startup in 54190 ms
05-Jan-2015 22:50:42.035 INFO [main] org.apache.catalina.core.StandardServer.await A valid shutdown command was received via the shutdown port. Stopping the Server instance.
05-Jan-2015 22:50:42.036 INFO [main] org.apache.coyote.AbstractProtocol.pause Pausing ProtocolHandler ["http-nio-8080"]
05-Jan-2015 22:50:42.038 INFO [main] org.apache.coyote.AbstractProtocol.pause Pausing ProtocolHandler ["http-nio-8443"]
05-Jan-2015 22:50:42.039 INFO [main] org.apache.coyote.AbstractProtocol.pause Pausing ProtocolHandler ["ajp-nio-8009"]
05-Jan-2015 22:50:42.040 INFO [main] org.apache.catalina.core.StandardService.stopInternal Stopping service Catalina
05-Jan-2015 22:50:42.097 INFO [main] org.apache.coyote.AbstractProtocol.stop Stopping ProtocolHandler ["http-nio-8080"]
05-Jan-2015 22:50:42.098 INFO [main] org.apache.coyote.AbstractProtocol.stop Stopping ProtocolHandler ["http-nio-8443"]
05-Jan-2015 22:50:42.099 INFO [main] org.apache.coyote.AbstractProtocol.stop Stopping ProtocolHandler ["ajp-nio-8009"]
05-Jan-2015 22:50:42.099 INFO [main] org.apache.coyote.AbstractProtocol.destroy Destroying ProtocolHandler ["http-nio-8080"]
05-Jan-2015 22:50:42.100 INFO [main] org.apache.coyote.AbstractProtocol.destroy Destroying ProtocolHandler ["http-nio-8443"]
05-Jan-2015 22:50:42.101 INFO [main] org.apache.coyote.AbstractProtocol.destroy Destroying ProtocolHandler ["ajp-nio-8009"]
05-Jan-2015 22:50:47.448 INFO [main] org.apache.catalina.startup.VersionLoggerListener.log Server version:        Apache Tomcat/8.0.15
05-Jan-2015 22:50:47.451 INFO [main] org.apache.catalina.startup.VersionLoggerListener.log Server built:          Nov 2 2014 19:25:20 UTC
05-Jan-2015 22:50:47.451 INFO [main] org.apache.catalina.startup.VersionLoggerListener.log Server number:         8.0.15.0
05-Jan-2015 22:50:47.451 INFO [main] org.apache.catalina.startup.VersionLoggerListener.log OS Name:               Linux
05-Jan-2015 22:50:47.451 INFO [main] org.apache.catalina.startup.VersionLoggerListener.log OS Version:            3.13.0-32-generic
05-Jan-2015 22:50:47.452 INFO [main] org.apache.catalina.startup.VersionLoggerListener.log Architecture:          amd64
05-Jan-2015 22:50:47.452 INFO [main] org.apache.catalina.startup.VersionLoggerListener.log JAVA_HOME:             /usr/lib/jvm/java-7-openjdk-amd64/jre
05-Jan-2015 22:50:47.452 INFO [main] org.apache.catalina.startup.VersionLoggerListener.log JVM Version:           1.7.0_65-b32
05-Jan-2015 22:50:47.452 INFO [main] org.apache.catalina.startup.VersionLoggerListener.log JVM Vendor:            Oracle Corporation
05-Jan-2015 22:50:47.452 INFO [main] org.apache.catalina.startup.VersionLoggerListener.log CATALINA_BASE:         /var/local/apache-tomcat-8.0.15
05-Jan-2015 22:50:47.453 INFO [main] org.apache.catalina.startup.VersionLoggerListener.log CATALINA_HOME:         /var/local/apache-tomcat-8.0.15
05-Jan-2015 22:50:47.453 INFO [main] org.apache.catalina.startup.VersionLoggerListener.log Command line argument: -Djava.util.logging.config.file=/var/local/apache-tomcat-8.0.15/conf/logging.properties
05-Jan-2015 22:50:47.453 INFO [main] org.apache.catalina.startup.VersionLoggerListener.log Command line argument: -Djava.util.logging.manager=org.apache.juli.ClassLoaderLogManager
05-Jan-2015 22:50:47.454 INFO [main] org.apache.catalina.startup.VersionLoggerListener.log Command line argument: -Djava.endorsed.dirs=/var/local/apache-tomcat-8.0.15/endorsed
05-Jan-2015 22:50:47.454 INFO [main] org.apache.catalina.startup.VersionLoggerListener.log Command line argument: -Dcatalina.base=/var/local/apache-tomcat-8.0.15
05-Jan-2015 22:50:47.454 INFO [main] org.apache.catalina.startup.VersionLoggerListener.log Command line argument: -Dcatalina.home=/var/local/apache-tomcat-8.0.15
05-Jan-2015 22:50:47.454 INFO [main] org.apache.catalina.startup.VersionLoggerListener.log Command line argument: -Djava.io.tmpdir=/var/local/apache-tomcat-8.0.15/temp
05-Jan-2015 22:50:47.454 INFO [main] org.apache.catalina.core.AprLifecycleListener.lifecycleEvent The APR based Apache Tomcat Native library which allows optimal performance in production environments was not found on the java.library.path: /usr/java/packages/lib/amd64:/usr/lib/x86_64-linux-gnu/jni:/lib/x86_64-linux-gnu:/usr/lib/x86_64-linux-gnu:/usr/lib/jni:/lib:/usr/lib
05-Jan-2015 22:50:47.580 INFO [main] org.apache.coyote.AbstractProtocol.init Initializing ProtocolHandler ["http-nio-8080"]
05-Jan-2015 22:50:47.612 INFO [main] org.apache.tomcat.util.net.NioSelectorPool.getSharedSelector Using a shared selector for servlet write/read
05-Jan-2015 22:50:47.619 INFO [main] org.apache.coyote.AbstractProtocol.init Initializing ProtocolHandler ["http-nio-8443"]
05-Jan-2015 22:50:48.135 INFO [main] org.apache.tomcat.util.net.NioSelectorPool.getSharedSelector Using a shared selector for servlet write/read
05-Jan-2015 22:50:48.142 INFO [main] org.apache.coyote.AbstractProtocol.init Initializing ProtocolHandler ["ajp-nio-8009"]
05-Jan-2015 22:50:48.150 INFO [main] org.apache.tomcat.util.net.NioSelectorPool.getSharedSelector Using a shared selector for servlet write/read
05-Jan-2015 22:50:48.151 INFO [main] org.apache.catalina.startup.Catalina.load Initialization processed in 1554 ms
05-Jan-2015 22:50:48.207 INFO [main] org.apache.catalina.core.StandardService.startInternal Starting service Catalina
05-Jan-2015 22:50:48.207 INFO [main] org.apache.catalina.core.StandardEngine.startInternal Starting Servlet Engine: Apache Tomcat/8.0.15
05-Jan-2015 22:50:48.224 INFO [localhost-startStop-1] org.apache.catalina.startup.HostConfig.deployDirectory Deploying web application directory /var/local/apache-tomcat-8.0.15/webapps/examples
05-Jan-2015 22:51:18.216 INFO [localhost-startStop-1] org.apache.catalina.util.SessionIdGeneratorBase.createSecureRandom Creation of SecureRandom instance for session ID generation using [SHA1PRNG] took [28,513] milliseconds.
05-Jan-2015 22:51:18.243 INFO [localhost-startStop-1] org.apache.catalina.startup.HostConfig.deployDirectory Deployment of web application directory /var/local/apache-tomcat-8.0.15/webapps/examples has finished in 30,019 ms
05-Jan-2015 22:51:18.243 INFO [localhost-startStop-1] org.apache.catalina.startup.HostConfig.deployDirectory Deploying web application directory /var/local/apache-tomcat-8.0.15/webapps/ROOT
05-Jan-2015 22:51:18.275 INFO [localhost-startStop-1] org.apache.catalina.startup.HostConfig.deployDirectory Deployment of web application directory /var/local/apache-tomcat-8.0.15/webapps/ROOT has finished in 32 ms
05-Jan-2015 22:51:18.275 INFO [localhost-startStop-1] org.apache.catalina.startup.HostConfig.deployDirectory Deploying web application directory /var/local/apache-tomcat-8.0.15/webapps/manager
05-Jan-2015 22:51:18.303 INFO [localhost-startStop-1] org.apache.catalina.startup.HostConfig.deployDirectory Deployment of web application directory /var/local/apache-tomcat-8.0.15/webapps/manager has finished in 28 ms
05-Jan-2015 22:51:18.303 INFO [localhost-startStop-1] org.apache.catalina.startup.HostConfig.deployDirectory Deploying web application directory /var/local/apache-tomcat-8.0.15/webapps/host-manager
05-Jan-2015 22:51:18.338 INFO [localhost-startStop-1] org.apache.catalina.startup.HostConfig.deployDirectory Deployment of web application directory /var/local/apache-tomcat-8.0.15/webapps/host-manager has finished in 34 ms
05-Jan-2015 22:51:18.338 INFO [localhost-startStop-1] org.apache.catalina.startup.HostConfig.deployDirectory Deploying web application directory /var/local/apache-tomcat-8.0.15/webapps/docs
05-Jan-2015 22:51:18.379 INFO [localhost-startStop-1] org.apache.catalina.startup.HostConfig.deployDirectory Deployment of web application directory /var/local/apache-tomcat-8.0.15/webapps/docs has finished in 41 ms
05-Jan-2015 22:51:18.394 INFO [main] org.apache.coyote.AbstractProtocol.start Starting ProtocolHandler ["http-nio-8080"]
05-Jan-2015 22:51:18.409 INFO [main] org.apache.coyote.AbstractProtocol.start Starting ProtocolHandler ["http-nio-8443"]
05-Jan-2015 22:51:18.413 INFO [main] org.apache.coyote.AbstractProtocol.start Starting ProtocolHandler ["ajp-nio-8009"]
05-Jan-2015 22:51:18.425 INFO [main] org.apache.catalina.startup.Catalina.start Server startup in 30274 ms
05-Jan-2015 23:22:28.286 INFO [Thread-6] org.apache.coyote.AbstractProtocol.pause Pausing ProtocolHandler ["http-nio-8080"]
05-Jan-2015 23:22:28.293 INFO [Thread-6] org.apache.coyote.AbstractProtocol.pause Pausing ProtocolHandler ["http-nio-8443"]
05-Jan-2015 23:22:28.294 INFO [Thread-6] org.apache.coyote.AbstractProtocol.pause Pausing ProtocolHandler ["ajp-nio-8009"]
05-Jan-2015 23:22:28.294 INFO [Thread-6] org.apache.catalina.core.StandardService.stopInternal Stopping service Catalina
05-Jan-2015 23:22:28.356 INFO [Thread-6] org.apache.coyote.AbstractProtocol.stop Stopping ProtocolHandler ["http-nio-8080"]
05-Jan-2015 23:22:28.362 INFO [Thread-6] org.apache.coyote.AbstractProtocol.stop Stopping ProtocolHandler ["http-nio-8443"]
05-Jan-2015 23:22:28.429 INFO [Thread-6] org.apache.coyote.AbstractProtocol.stop Stopping ProtocolHandler ["ajp-nio-8009"]
05-Jan-2015 23:22:28.434 INFO [Thread-6] org.apache.coyote.AbstractProtocol.destroy Destroying ProtocolHandler ["http-nio-8080"]
05-Jan-2015 23:22:28.435 INFO [Thread-6] org.apache.coyote.AbstractProtocol.destroy Destroying ProtocolHandler ["http-nio-8443"]
05-Jan-2015 23:22:28.435 INFO [Thread-6] org.apache.coyote.AbstractProtocol.destroy Destroying ProtocolHandler ["ajp-nio-8009"]
