01-Feb-2015 21:24:00.862 INFO [main] org.apache.catalina.startup.VersionLoggerListener.log Server version:        Apache Tomcat/8.0.15
01-Feb-2015 21:24:00.898 INFO [main] org.apache.catalina.startup.VersionLoggerListener.log Server built:          Nov 2 2014 19:25:20 UTC
01-Feb-2015 21:24:00.898 INFO [main] org.apache.catalina.startup.VersionLoggerListener.log Server number:         8.0.15.0
01-Feb-2015 21:24:00.898 INFO [main] org.apache.catalina.startup.VersionLoggerListener.log OS Name:               Linux
01-Feb-2015 21:24:00.898 INFO [main] org.apache.catalina.startup.VersionLoggerListener.log OS Version:            3.13.0-32-generic
01-Feb-2015 21:24:00.898 INFO [main] org.apache.catalina.startup.VersionLoggerListener.log Architecture:          amd64
01-Feb-2015 21:24:00.898 INFO [main] org.apache.catalina.startup.VersionLoggerListener.log JAVA_HOME:             /usr/lib/jvm/java-7-openjdk-amd64/jre
01-Feb-2015 21:24:00.898 INFO [main] org.apache.catalina.startup.VersionLoggerListener.log JVM Version:           1.7.0_75-b13
01-Feb-2015 21:24:00.898 INFO [main] org.apache.catalina.startup.VersionLoggerListener.log JVM Vendor:            Oracle Corporation
01-Feb-2015 21:24:00.898 INFO [main] org.apache.catalina.startup.VersionLoggerListener.log CATALINA_BASE:         /var/local/apache-tomcat-8.0.15
01-Feb-2015 21:24:00.899 INFO [main] org.apache.catalina.startup.VersionLoggerListener.log CATALINA_HOME:         /var/local/apache-tomcat-8.0.15
01-Feb-2015 21:24:00.899 INFO [main] org.apache.catalina.startup.VersionLoggerListener.log Command line argument: -Djava.util.logging.config.file=/var/local/apache-tomcat-8.0.15/conf/logging.properties
01-Feb-2015 21:24:00.899 INFO [main] org.apache.catalina.startup.VersionLoggerListener.log Command line argument: -Djava.util.logging.manager=org.apache.juli.ClassLoaderLogManager
01-Feb-2015 21:24:00.899 INFO [main] org.apache.catalina.startup.VersionLoggerListener.log Command line argument: -Djava.endorsed.dirs=/var/local/apache-tomcat-8.0.15/endorsed
01-Feb-2015 21:24:00.899 INFO [main] org.apache.catalina.startup.VersionLoggerListener.log Command line argument: -Dcatalina.base=/var/local/apache-tomcat-8.0.15
01-Feb-2015 21:24:00.899 INFO [main] org.apache.catalina.startup.VersionLoggerListener.log Command line argument: -Dcatalina.home=/var/local/apache-tomcat-8.0.15
01-Feb-2015 21:24:00.899 INFO [main] org.apache.catalina.startup.VersionLoggerListener.log Command line argument: -Djava.io.tmpdir=/var/local/apache-tomcat-8.0.15/temp
01-Feb-2015 21:24:00.900 INFO [main] org.apache.catalina.core.AprLifecycleListener.lifecycleEvent The APR based Apache Tomcat Native library which allows optimal performance in production environments was not found on the java.library.path: /usr/java/packages/lib/amd64:/usr/lib/x86_64-linux-gnu/jni:/lib/x86_64-linux-gnu:/usr/lib/x86_64-linux-gnu:/usr/lib/jni:/lib:/usr/lib
01-Feb-2015 21:24:01.008 INFO [main] org.apache.coyote.AbstractProtocol.init Initializing ProtocolHandler ["http-nio-8080"]
01-Feb-2015 21:24:01.028 INFO [main] org.apache.tomcat.util.net.NioSelectorPool.getSharedSelector Using a shared selector for servlet write/read
01-Feb-2015 21:24:01.031 INFO [main] org.apache.coyote.AbstractProtocol.init Initializing ProtocolHandler ["http-nio-8443"]
01-Feb-2015 21:24:01.315 INFO [main] org.apache.tomcat.util.net.NioSelectorPool.getSharedSelector Using a shared selector for servlet write/read
01-Feb-2015 21:24:01.315 INFO [main] org.apache.coyote.AbstractProtocol.init Initializing ProtocolHandler ["ajp-nio-8009"]
01-Feb-2015 21:24:01.318 INFO [main] org.apache.tomcat.util.net.NioSelectorPool.getSharedSelector Using a shared selector for servlet write/read
01-Feb-2015 21:24:01.319 INFO [main] org.apache.catalina.startup.Catalina.load Initialization processed in 1192 ms
01-Feb-2015 21:24:01.356 INFO [main] org.apache.catalina.core.StandardService.startInternal Starting service Catalina
01-Feb-2015 21:24:01.356 INFO [main] org.apache.catalina.core.StandardEngine.startInternal Starting Servlet Engine: Apache Tomcat/8.0.15
01-Feb-2015 21:24:01.421 INFO [localhost-startStop-1] org.apache.catalina.startup.HostConfig.deployWAR Deploying web application archive /var/local/apache-tomcat-8.0.15/webapps/ToasterWars.war
01-Feb-2015 21:24:02.963 INFO [localhost-startStop-1] org.apache.jasper.servlet.TldScanner.scanJars At least one JAR was scanned for TLDs yet contained no TLDs. Enable debug logging for this logger for a complete list of JARs that were scanned but no TLDs were found in them. Skipping unneeded JARs during scanning can improve startup time and JSP compilation time.
01-Feb-2015 21:24:03.108 INFO [localhost-startStop-1] org.apache.catalina.startup.HostConfig.deployWAR Deployment of web application archive /var/local/apache-tomcat-8.0.15/webapps/ToasterWars.war has finished in 1,687 ms
01-Feb-2015 21:24:03.146 INFO [localhost-startStop-1] org.apache.catalina.startup.HostConfig.deployWAR Deploying web application archive /var/local/apache-tomcat-8.0.15/webapps/TomcatHelper.war
01-Feb-2015 21:24:03.756 INFO [localhost-startStop-1] org.apache.jasper.servlet.TldScanner.scanJars At least one JAR was scanned for TLDs yet contained no TLDs. Enable debug logging for this logger for a complete list of JARs that were scanned but no TLDs were found in them. Skipping unneeded JARs during scanning can improve startup time and JSP compilation time.
01-Feb-2015 21:24:03.760 INFO [localhost-startStop-1] org.apache.catalina.startup.HostConfig.deployWAR Deployment of web application archive /var/local/apache-tomcat-8.0.15/webapps/TomcatHelper.war has finished in 614 ms
01-Feb-2015 21:24:03.761 INFO [localhost-startStop-1] org.apache.catalina.startup.HostConfig.deployDirectory Deploying web application directory /var/local/apache-tomcat-8.0.15/webapps/examples
01-Feb-2015 21:24:05.270 INFO [localhost-startStop-1] org.apache.catalina.startup.HostConfig.deployDirectory Deployment of web application directory /var/local/apache-tomcat-8.0.15/webapps/examples has finished in 1,509 ms
01-Feb-2015 21:24:05.270 INFO [localhost-startStop-1] org.apache.catalina.startup.HostConfig.deployDirectory Deploying web application directory /var/local/apache-tomcat-8.0.15/webapps/ROOT
01-Feb-2015 21:24:05.910 INFO [localhost-startStop-1] org.apache.jasper.servlet.TldScanner.scanJars At least one JAR was scanned for TLDs yet contained no TLDs. Enable debug logging for this logger for a complete list of JARs that were scanned but no TLDs were found in them. Skipping unneeded JARs during scanning can improve startup time and JSP compilation time.
01-Feb-2015 21:24:05.921 INFO [localhost-startStop-1] org.apache.catalina.startup.HostConfig.deployDirectory Deployment of web application directory /var/local/apache-tomcat-8.0.15/webapps/ROOT has finished in 651 ms
01-Feb-2015 21:24:05.967 INFO [localhost-startStop-1] org.apache.catalina.startup.HostConfig.deployDirectory Deploying web application directory /var/local/apache-tomcat-8.0.15/webapps/manager
01-Feb-2015 21:24:06.437 INFO [localhost-startStop-1] org.apache.jasper.servlet.TldScanner.scanJars At least one JAR was scanned for TLDs yet contained no TLDs. Enable debug logging for this logger for a complete list of JARs that were scanned but no TLDs were found in them. Skipping unneeded JARs during scanning can improve startup time and JSP compilation time.
01-Feb-2015 21:24:06.460 INFO [localhost-startStop-1] org.apache.catalina.startup.HostConfig.deployDirectory Deployment of web application directory /var/local/apache-tomcat-8.0.15/webapps/manager has finished in 492 ms
01-Feb-2015 21:24:06.461 INFO [localhost-startStop-1] org.apache.catalina.startup.HostConfig.deployDirectory Deploying web application directory /var/local/apache-tomcat-8.0.15/webapps/host-manager
01-Feb-2015 21:24:07.088 INFO [localhost-startStop-1] org.apache.jasper.servlet.TldScanner.scanJars At least one JAR was scanned for TLDs yet contained no TLDs. Enable debug logging for this logger for a complete list of JARs that were scanned but no TLDs were found in them. Skipping unneeded JARs during scanning can improve startup time and JSP compilation time.
01-Feb-2015 21:24:07.149 INFO [localhost-startStop-1] org.apache.catalina.startup.HostConfig.deployDirectory Deployment of web application directory /var/local/apache-tomcat-8.0.15/webapps/host-manager has finished in 687 ms
01-Feb-2015 21:24:07.149 INFO [localhost-startStop-1] org.apache.catalina.startup.HostConfig.deployDirectory Deploying web application directory /var/local/apache-tomcat-8.0.15/webapps/docs
01-Feb-2015 21:24:07.966 INFO [localhost-startStop-1] org.apache.jasper.servlet.TldScanner.scanJars At least one JAR was scanned for TLDs yet contained no TLDs. Enable debug logging for this logger for a complete list of JARs that were scanned but no TLDs were found in them. Skipping unneeded JARs during scanning can improve startup time and JSP compilation time.
01-Feb-2015 21:24:08.055 INFO [localhost-startStop-1] org.apache.catalina.startup.HostConfig.deployDirectory Deployment of web application directory /var/local/apache-tomcat-8.0.15/webapps/docs has finished in 906 ms
01-Feb-2015 21:24:08.100 INFO [main] org.apache.coyote.AbstractProtocol.start Starting ProtocolHandler ["http-nio-8080"]
01-Feb-2015 21:24:08.108 INFO [main] org.apache.coyote.AbstractProtocol.start Starting ProtocolHandler ["http-nio-8443"]
01-Feb-2015 21:24:08.109 INFO [main] org.apache.coyote.AbstractProtocol.start Starting ProtocolHandler ["ajp-nio-8009"]
01-Feb-2015 21:24:08.110 INFO [main] org.apache.catalina.startup.Catalina.start Server startup in 6790 ms
01-Feb-2015 21:25:30.510 INFO [http-nio-8443-exec-5] com.mchange.v2.log.MLog.<clinit> MLog clients using java 1.4+ standard logging.
01-Feb-2015 21:25:30.537 INFO [http-nio-8443-exec-5] com.mchange.v2.c3p0.C3P0Registry.banner Initializing c3p0-0.9.2.1 [built 20-March-2013 11:16:28 +0000; debug? true; trace: 10]
01-Feb-2015 21:25:30.625 INFO [http-nio-8443-exec-5] com.mchange.v2.c3p0.impl.AbstractPoolBackedDataSource.getPoolManager Initializing c3p0 pool... com.mchange.v2.c3p0.ComboPooledDataSource [ acquireIncrement -> 3, acquireRetryAttempts -> 30, acquireRetryDelay -> 1000, autoCommitOnClose -> false, automaticTestTable -> null, breakAfterAcquireFailure -> false, checkoutTimeout -> 0, connectionCustomizerClassName -> null, connectionTesterClassName -> com.mchange.v2.c3p0.impl.DefaultConnectionTester, dataSourceName -> 1hge13e97k6oqoy1c9jkjc|51b12677, debugUnreturnedConnectionStackTraces -> false, description -> null, driverClass -> com.mysql.jdbc.Driver, factoryClassLocation -> null, forceIgnoreUnresolvedTransactions -> false, identityToken -> 1hge13e97k6oqoy1c9jkjc|51b12677, idleConnectionTestPeriod -> 0, initialPoolSize -> 3, jdbcUrl -> jdbc:mysql://localhost:3306/mellivora, maxAdministrativeTaskTime -> 0, maxConnectionAge -> 0, maxIdleTime -> 0, maxIdleTimeExcessConnections -> 0, maxPoolSize -> 100, maxStatements -> 0, maxStatementsPerConnection -> 0, minPoolSize -> 1, numHelperThreads -> 3, preferredTestQuery -> null, properties -> {user=******, password=******}, propertyCycle -> 0, statementCacheNumDeferredCloseThreads -> 0, testConnectionOnCheckin -> false, testConnectionOnCheckout -> false, unreturnedConnectionTimeout -> 0, userOverrides -> {}, usesTraditionalReflectiveProxies -> false ]
