02-Feb-2015 19:11:16.495 INFO [main] org.apache.catalina.startup.VersionLoggerListener.log Server version:        Apache Tomcat/8.0.15
02-Feb-2015 19:11:16.527 INFO [main] org.apache.catalina.startup.VersionLoggerListener.log Server built:          Nov 2 2014 19:25:20 UTC
02-Feb-2015 19:11:16.527 INFO [main] org.apache.catalina.startup.VersionLoggerListener.log Server number:         8.0.15.0
02-Feb-2015 19:11:16.527 INFO [main] org.apache.catalina.startup.VersionLoggerListener.log OS Name:               Linux
02-Feb-2015 19:11:16.527 INFO [main] org.apache.catalina.startup.VersionLoggerListener.log OS Version:            3.13.0-32-generic
02-Feb-2015 19:11:16.527 INFO [main] org.apache.catalina.startup.VersionLoggerListener.log Architecture:          amd64
02-Feb-2015 19:11:16.527 INFO [main] org.apache.catalina.startup.VersionLoggerListener.log JAVA_HOME:             /usr/lib/jvm/java-7-openjdk-amd64/jre
02-Feb-2015 19:11:16.527 INFO [main] org.apache.catalina.startup.VersionLoggerListener.log JVM Version:           1.7.0_75-b13
02-Feb-2015 19:11:16.527 INFO [main] org.apache.catalina.startup.VersionLoggerListener.log JVM Vendor:            Oracle Corporation
02-Feb-2015 19:11:16.528 INFO [main] org.apache.catalina.startup.VersionLoggerListener.log CATALINA_BASE:         /var/local/apache-tomcat-8.0.15
02-Feb-2015 19:11:16.528 INFO [main] org.apache.catalina.startup.VersionLoggerListener.log CATALINA_HOME:         /var/local/apache-tomcat-8.0.15
02-Feb-2015 19:11:16.528 INFO [main] org.apache.catalina.startup.VersionLoggerListener.log Command line argument: -Djava.util.logging.config.file=/var/local/apache-tomcat-8.0.15/conf/logging.properties
02-Feb-2015 19:11:16.528 INFO [main] org.apache.catalina.startup.VersionLoggerListener.log Command line argument: -Djava.util.logging.manager=org.apache.juli.ClassLoaderLogManager
02-Feb-2015 19:11:16.528 INFO [main] org.apache.catalina.startup.VersionLoggerListener.log Command line argument: -Djava.endorsed.dirs=/var/local/apache-tomcat-8.0.15/endorsed
02-Feb-2015 19:11:16.528 INFO [main] org.apache.catalina.startup.VersionLoggerListener.log Command line argument: -Dcatalina.base=/var/local/apache-tomcat-8.0.15
02-Feb-2015 19:11:16.528 INFO [main] org.apache.catalina.startup.VersionLoggerListener.log Command line argument: -Dcatalina.home=/var/local/apache-tomcat-8.0.15
02-Feb-2015 19:11:16.529 INFO [main] org.apache.catalina.startup.VersionLoggerListener.log Command line argument: -Djava.io.tmpdir=/var/local/apache-tomcat-8.0.15/temp
02-Feb-2015 19:11:16.529 INFO [main] org.apache.catalina.core.AprLifecycleListener.lifecycleEvent The APR based Apache Tomcat Native library which allows optimal performance in production environments was not found on the java.library.path: /usr/java/packages/lib/amd64:/usr/lib/x86_64-linux-gnu/jni:/lib/x86_64-linux-gnu:/usr/lib/x86_64-linux-gnu:/usr/lib/jni:/lib:/usr/lib
02-Feb-2015 19:11:16.880 INFO [main] org.apache.coyote.AbstractProtocol.init Initializing ProtocolHandler ["http-nio-8080"]
02-Feb-2015 19:11:16.977 INFO [main] org.apache.tomcat.util.net.NioSelectorPool.getSharedSelector Using a shared selector for servlet write/read
02-Feb-2015 19:11:16.980 INFO [main] org.apache.coyote.AbstractProtocol.init Initializing ProtocolHandler ["http-nio-8443"]
02-Feb-2015 19:11:17.521 INFO [main] org.apache.tomcat.util.net.NioSelectorPool.getSharedSelector Using a shared selector for servlet write/read
02-Feb-2015 19:11:17.522 INFO [main] org.apache.coyote.AbstractProtocol.init Initializing ProtocolHandler ["ajp-nio-8009"]
02-Feb-2015 19:11:17.525 INFO [main] org.apache.tomcat.util.net.NioSelectorPool.getSharedSelector Using a shared selector for servlet write/read
02-Feb-2015 19:11:17.525 INFO [main] org.apache.catalina.startup.Catalina.load Initialization processed in 2379 ms
02-Feb-2015 19:11:17.588 INFO [main] org.apache.catalina.core.StandardService.startInternal Starting service Catalina
02-Feb-2015 19:11:17.589 INFO [main] org.apache.catalina.core.StandardEngine.startInternal Starting Servlet Engine: Apache Tomcat/8.0.15
02-Feb-2015 19:11:17.645 INFO [localhost-startStop-1] org.apache.catalina.startup.HostConfig.deployWAR Deploying web application archive /var/local/apache-tomcat-8.0.15/webapps/ToasterWars.war
02-Feb-2015 19:11:18.530 INFO [localhost-startStop-1] org.apache.jasper.servlet.TldScanner.scanJars At least one JAR was scanned for TLDs yet contained no TLDs. Enable debug logging for this logger for a complete list of JARs that were scanned but no TLDs were found in them. Skipping unneeded JARs during scanning can improve startup time and JSP compilation time.
02-Feb-2015 19:11:18.666 INFO [localhost-startStop-1] org.apache.catalina.startup.HostConfig.deployWAR Deployment of web application archive /var/local/apache-tomcat-8.0.15/webapps/ToasterWars.war has finished in 1,020 ms
02-Feb-2015 19:11:18.704 INFO [localhost-startStop-1] org.apache.catalina.startup.HostConfig.deployWAR Deploying web application archive /var/local/apache-tomcat-8.0.15/webapps/TomcatHelper.war
02-Feb-2015 19:11:19.078 INFO [localhost-startStop-1] org.apache.jasper.servlet.TldScanner.scanJars At least one JAR was scanned for TLDs yet contained no TLDs. Enable debug logging for this logger for a complete list of JARs that were scanned but no TLDs were found in them. Skipping unneeded JARs during scanning can improve startup time and JSP compilation time.
02-Feb-2015 19:11:19.082 INFO [localhost-startStop-1] org.apache.catalina.startup.HostConfig.deployWAR Deployment of web application archive /var/local/apache-tomcat-8.0.15/webapps/TomcatHelper.war has finished in 378 ms
02-Feb-2015 19:11:19.083 INFO [localhost-startStop-1] org.apache.catalina.startup.HostConfig.deployDirectory Deploying web application directory /var/local/apache-tomcat-8.0.15/webapps/examples
02-Feb-2015 19:11:19.961 INFO [localhost-startStop-1] org.apache.catalina.startup.HostConfig.deployDirectory Deployment of web application directory /var/local/apache-tomcat-8.0.15/webapps/examples has finished in 877 ms
02-Feb-2015 19:11:19.961 INFO [localhost-startStop-1] org.apache.catalina.startup.HostConfig.deployDirectory Deploying web application directory /var/local/apache-tomcat-8.0.15/webapps/ROOT
02-Feb-2015 19:11:20.192 INFO [localhost-startStop-1] org.apache.jasper.servlet.TldScanner.scanJars At least one JAR was scanned for TLDs yet contained no TLDs. Enable debug logging for this logger for a complete list of JARs that were scanned but no TLDs were found in them. Skipping unneeded JARs during scanning can improve startup time and JSP compilation time.
02-Feb-2015 19:11:20.195 INFO [localhost-startStop-1] org.apache.catalina.startup.HostConfig.deployDirectory Deployment of web application directory /var/local/apache-tomcat-8.0.15/webapps/ROOT has finished in 234 ms
02-Feb-2015 19:11:20.195 INFO [localhost-startStop-1] org.apache.catalina.startup.HostConfig.deployDirectory Deploying web application directory /var/local/apache-tomcat-8.0.15/webapps/manager
02-Feb-2015 19:11:20.390 INFO [localhost-startStop-1] org.apache.jasper.servlet.TldScanner.scanJars At least one JAR was scanned for TLDs yet contained no TLDs. Enable debug logging for this logger for a complete list of JARs that were scanned but no TLDs were found in them. Skipping unneeded JARs during scanning can improve startup time and JSP compilation time.
02-Feb-2015 19:11:20.393 INFO [localhost-startStop-1] org.apache.catalina.startup.HostConfig.deployDirectory Deployment of web application directory /var/local/apache-tomcat-8.0.15/webapps/manager has finished in 198 ms
02-Feb-2015 19:11:20.394 INFO [localhost-startStop-1] org.apache.catalina.startup.HostConfig.deployDirectory Deploying web application directory /var/local/apache-tomcat-8.0.15/webapps/host-manager
02-Feb-2015 19:11:20.584 INFO [localhost-startStop-1] org.apache.jasper.servlet.TldScanner.scanJars At least one JAR was scanned for TLDs yet contained no TLDs. Enable debug logging for this logger for a complete list of JARs that were scanned but no TLDs were found in them. Skipping unneeded JARs during scanning can improve startup time and JSP compilation time.
02-Feb-2015 19:11:20.587 INFO [localhost-startStop-1] org.apache.catalina.startup.HostConfig.deployDirectory Deployment of web application directory /var/local/apache-tomcat-8.0.15/webapps/host-manager has finished in 193 ms
02-Feb-2015 19:11:20.587 INFO [localhost-startStop-1] org.apache.catalina.startup.HostConfig.deployDirectory Deploying web application directory /var/local/apache-tomcat-8.0.15/webapps/docs
02-Feb-2015 19:11:20.765 INFO [localhost-startStop-1] org.apache.jasper.servlet.TldScanner.scanJars At least one JAR was scanned for TLDs yet contained no TLDs. Enable debug logging for this logger for a complete list of JARs that were scanned but no TLDs were found in them. Skipping unneeded JARs during scanning can improve startup time and JSP compilation time.
02-Feb-2015 19:11:20.767 INFO [localhost-startStop-1] org.apache.catalina.startup.HostConfig.deployDirectory Deployment of web application directory /var/local/apache-tomcat-8.0.15/webapps/docs has finished in 180 ms
02-Feb-2015 19:11:20.772 INFO [main] org.apache.coyote.AbstractProtocol.start Starting ProtocolHandler ["http-nio-8080"]
02-Feb-2015 19:11:20.777 INFO [main] org.apache.coyote.AbstractProtocol.start Starting ProtocolHandler ["http-nio-8443"]
02-Feb-2015 19:11:20.780 INFO [main] org.apache.coyote.AbstractProtocol.start Starting ProtocolHandler ["ajp-nio-8009"]
02-Feb-2015 19:11:20.784 INFO [main] org.apache.catalina.startup.Catalina.start Server startup in 3258 ms
02-Feb-2015 19:12:33.785 INFO [http-nio-8443-exec-9] com.mchange.v2.log.MLog.<clinit> MLog clients using java 1.4+ standard logging.
02-Feb-2015 19:12:33.827 INFO [http-nio-8443-exec-9] com.mchange.v2.c3p0.C3P0Registry.banner Initializing c3p0-0.9.2.1 [built 20-March-2013 11:16:28 +0000; debug? true; trace: 10]
02-Feb-2015 19:12:33.953 INFO [http-nio-8443-exec-9] com.mchange.v2.c3p0.impl.AbstractPoolBackedDataSource.getPoolManager Initializing c3p0 pool... com.mchange.v2.c3p0.ComboPooledDataSource [ acquireIncrement -> 3, acquireRetryAttempts -> 30, acquireRetryDelay -> 1000, autoCommitOnClose -> false, automaticTestTable -> null, breakAfterAcquireFailure -> false, checkoutTimeout -> 0, connectionCustomizerClassName -> null, connectionTesterClassName -> com.mchange.v2.c3p0.impl.DefaultConnectionTester, dataSourceName -> 1hge5g297lhdmhp5o2nx1|44b0c913, debugUnreturnedConnectionStackTraces -> false, description -> null, driverClass -> com.mysql.jdbc.Driver, factoryClassLocation -> null, forceIgnoreUnresolvedTransactions -> false, identityToken -> 1hge5g297lhdmhp5o2nx1|44b0c913, idleConnectionTestPeriod -> 0, initialPoolSize -> 3, jdbcUrl -> jdbc:mysql://localhost:3306/mellivora, maxAdministrativeTaskTime -> 0, maxConnectionAge -> 0, maxIdleTime -> 0, maxIdleTimeExcessConnections -> 0, maxPoolSize -> 100, maxStatements -> 0, maxStatementsPerConnection -> 0, minPoolSize -> 1, numHelperThreads -> 3, preferredTestQuery -> null, properties -> {user=******, password=******}, propertyCycle -> 0, statementCacheNumDeferredCloseThreads -> 0, testConnectionOnCheckin -> false, testConnectionOnCheckout -> false, unreturnedConnectionTimeout -> 0, userOverrides -> {}, usesTraditionalReflectiveProxies -> false ]
